Flat profile:

Each sample counts as 0.01 seconds.
  %   cumulative   self              self     total           
 time   seconds   seconds    calls  ms/call  ms/call  name    
 31.18      2.36     2.36 69314612     0.00     0.00  bwt_occ4
 21.67      4.00     1.64 64959763     0.00     0.00  bwt_2occ4
 12.95      4.98     0.98 64959763     0.00     0.00  bwt_extend
  9.78      5.72     0.74   799603     0.00     0.01  bwt_smem1
  7.53      6.29     0.57    53633     0.01     0.01  ksw_extend2
  3.83      6.58     0.29     6089     0.05     0.05  ksw_global2
  2.91      6.80     0.22    11088     0.02     0.02  ksw_u8
  2.64      7.00     0.20  3147108     0.00     0.00  bwt_occ
  1.59      7.12     0.12   100148     0.00     0.00  bwt_sa
  0.92      7.19     0.07   149202     0.00     0.00  bns_get_seq
  0.92      7.26     0.07    67193     0.00     0.01  bwa_gen_cigar2
  0.79      7.32     0.06   100000     0.00     0.06  mem_chain
  0.66      7.37     0.05   100437     0.00     0.00  mem_aln2sam
  0.46      7.41     0.04   300000     0.00     0.00  ks_getuntil2
  0.26      7.43     0.02   163607     0.00     0.00  mem_reg2aln
  0.26      7.45     0.02   100000     0.00     0.07  mem_align1_core
  0.26      7.47     0.02                             bwt_2occ
  0.26      7.49     0.02                             bwt_match_exact_alt
  0.13      7.50     0.01  1599208     0.00     0.00  fread_fix
  0.13      7.51     0.01   104021     0.00     0.00  mem_approx_mapq_se
  0.13      7.52     0.01   100000     0.00     0.00  mem_chain_flt
  0.13      7.53     0.01    73054     0.00     0.00  ks_introsort_64
  0.13      7.54     0.01    73052     0.00     0.01  mem_chain2aln
  0.13      7.55     0.01    52611     0.00     0.00  ks_introsort_mem_flt
  0.13      7.56     0.01    25378     0.00     0.00  mem_pair
  0.13      7.57     0.01    11088     0.00     0.00  ksw_qinit
  0.07      7.57     0.01     1971     0.00     0.00  err_gzread
  0.00      7.57     0.00   717752     0.00     0.00  wrap_malloc
  0.00      7.57     0.00   647170     0.00     0.00  wrap_calloc
  0.00      7.57     0.00   601128     0.00     0.00  wrap_realloc
  0.00      7.57     0.00   349496     0.00     0.00  bns_pos2rid
  0.00      7.57     0.00   324542     0.00     0.00  wrap_strdup
  0.00      7.57     0.00   274909     0.00     0.00  kputc
  0.00      7.57     0.00   108957     0.00     0.00  mem_sort_dedup_patch
  0.00      7.57     0.00   100148     0.00     0.00  bns_intv2rid
  0.00      7.57     0.00   100037     0.00     0.00  kputsn
  0.00      7.57     0.00   100002     0.00     0.00  kseq_read
  0.00      7.57     0.00   100000     0.00     0.00  err_fputs
  0.00      7.57     0.00   100000     0.00     0.00  kb_init_chn
  0.00      7.57     0.00   100000     0.00     0.00  ks_introsort_mem_intv
  0.00      7.57     0.00   100000     0.00     0.00  mem_flt_chained_seeds
  0.00      7.57     0.00   100000     0.00     0.00  mem_gen_alt
  0.00      7.57     0.00   100000     0.00     0.00  mem_mark_primary_se
  0.00      7.57     0.00    82009     0.00     0.00  bns_fetch_seq
  0.00      7.57     0.00    75068     0.00     0.00  mem_chain_weight
  0.00      7.57     0.00    68284     0.00     0.00  mem_matesw
  0.00      7.57     0.00    52651     0.00     0.00  ks_introsort_mem_ars_hash
  0.00      7.57     0.00    52229     0.00     0.00  kputw
  0.00      7.57     0.00    50920     0.00     0.00  mem_reg2sam_se
  0.00      7.57     0.00    50861     0.00     0.00  kputl
  0.00      7.57     0.00    50156     0.00     0.00  ks_introsort_128
  0.00      7.57     0.00    50000     0.00     0.01  mem_sam_pe
  0.00      7.57     0.00    50000     0.00     0.14  worker1
  0.00      7.57     0.00    50000     0.00     0.01  worker2
  0.00      7.57     0.00    47956     0.00     0.00  mem_process_seqs
  0.00      7.57     0.00    12828     0.00     0.00  ks_introsort_mem_ars
  0.00      7.57     0.00    12828     0.00     0.00  ks_introsort_mem_ars2
  0.00      7.57     0.00     8957     0.00     0.03  ksw_align2
  0.00      7.57     0.00     1222     0.00     0.00  mem_patch_reg
  0.00      7.57     0.00       81     0.00     0.00  __kb_split_chn
  0.00      7.57     0.00       26     0.00     0.00  ks_combsort_mem_intv
  0.00      7.57     0.00       14     0.00     0.00  cputime
  0.00      7.57     0.00       14     0.00     0.00  realtime
  0.00      7.57     0.00        9     0.00     0.00  err_fread_noeof
  0.00      7.57     0.00        5     0.00     0.00  err_fclose
  0.00      7.57     0.00        5     0.00     0.00  err_xopen_core
  0.00      7.57     0.00        4     0.00     0.00  kt_for
  0.00      7.57     0.00        3     0.00    13.33  bseq_read
  0.00      7.57     0.00        2     0.00     0.00  bwa_fill_scmat
  0.00      7.57     0.00        2     0.00     0.00  bwa_idx_infer_prefix
  0.00      7.57     0.00        2     0.00     0.00  err_fseek
  0.00      7.57     0.00        2     0.00     0.00  err_printf
  0.00      7.57     0.00        2     0.00     0.00  mem_pestat
  0.00      7.57     0.00        2     0.00     0.00  smem_aux_destroy
  0.00      7.57     0.00        2     0.00     0.00  smem_aux_init
  0.00      7.57     0.00        1     0.00     0.00  bns_destroy
  0.00      7.57     0.00        1     0.00     0.00  bns_restore
  0.00      7.57     0.00        1     0.00     0.00  bns_restore_core
  0.00      7.57     0.00        1     0.00     0.00  bwa_idx_destroy
  0.00      7.57     0.00        1     0.00     0.00  bwa_idx_load
  0.00      7.57     0.00        1     0.00     0.00  bwa_idx_load_bwt
  0.00      7.57     0.00        1     0.00     0.00  bwa_print_sam_hdr
  0.00      7.57     0.00        1     0.00     0.00  bwt_destroy
  0.00      7.57     0.00        1     0.00     0.00  bwt_gen_cnt_table
  0.00      7.57     0.00        1     0.00     0.00  bwt_restore_bwt
  0.00      7.57     0.00        1     0.00     0.00  bwt_restore_sa
  0.00      7.57     0.00        1     0.00     0.00  err_ftell
  0.00      7.57     0.00        1     0.00     0.00  err_gzclose
  0.00      7.57     0.00        1     0.00     0.00  kclose
  0.00      7.57     0.00        1     0.00     0.00  kopen
  0.00      7.57     0.00        1     0.00     0.00  kseq_destroy
  0.00      7.57     0.00        1     0.00     0.00  kseq_init
  0.00      7.57     0.00        1     0.00     0.00  mem_opt_init

 %         the percentage of the total running time of the
time       program used by this function.

cumulative a running sum of the number of seconds accounted
 seconds   for by this function and those listed above it.

 self      the number of seconds accounted for by this
seconds    function alone.  This is the major sort for this
           listing.

calls      the number of times this function was invoked, if
           this function is profiled, else blank.
 
 self      the average number of milliseconds spent in this
ms/call    function per call, if this function is profiled,
	   else blank.

 total     the average number of milliseconds spent in this
ms/call    function and its descendents per call, if this 
	   function is profiled, else blank.

name       the name of the function.  This is the minor sort
           for this listing. The index shows the location of
	   the function in the gprof listing. If the index is
	   in parenthesis it shows where it would appear in
	   the gprof listing if it were to be printed.

		     Call graph (explanation follows)


granularity: each sample hit covers 2 byte(s) for 0.13% of 7.57 seconds

index % time    self  children    called     name
                                                 <spontaneous>
[1]     98.9    0.00    7.49                 ktf_worker [1]
                0.00    6.77   50000/50000       worker1 [3]
                0.00    0.72   50000/50000       worker2 [10]
-----------------------------------------------
                0.02    6.75  100000/100000      worker1 [3]
[2]     89.5    0.02    6.75  100000         mem_align1_core [2]
                0.06    6.05  100000/100000      mem_chain [4]
                0.01    0.61   73052/73052       mem_chain2aln [11]
                0.01    0.01  100000/100000      mem_chain_flt [30]
                0.00    0.00  100000/108957      mem_sort_dedup_patch [40]
                0.00    0.00  100000/100000      mem_flt_chained_seeds [59]
-----------------------------------------------
                0.00    6.77   50000/50000       ktf_worker [1]
[3]     89.5    0.00    6.77   50000         worker1 [3]
                0.02    6.75  100000/100000      mem_align1_core [2]
-----------------------------------------------
                0.06    6.05  100000/100000      mem_align1_core [2]
[4]     80.7    0.06    6.05  100000         mem_chain [4]
                0.74    4.99  799603/799603      bwt_smem1 [5]
                0.12    0.20  100148/100148      bwt_sa [15]
                0.00    0.00  275145/647170      wrap_calloc [49]
                0.00    0.00  100148/100148      bns_intv2rid [54]
                0.00    0.00  100058/601128      wrap_realloc [50]
                0.00    0.00  100000/100000      kb_init_chn [57]
                0.00    0.00  100000/100000      ks_introsort_mem_intv [58]
                0.00    0.00      81/81          __kb_split_chn [321]
-----------------------------------------------
                0.74    4.99  799603/799603      mem_chain [4]
[5]     75.7    0.74    4.99  799603         bwt_smem1 [5]
                0.98    4.00 64959763/64959763     bwt_extend [6]
                0.01    0.00 1599206/1599208     fread_fix [33]
                0.00    0.00      28/601128      wrap_realloc [50]
-----------------------------------------------
                0.98    4.00 64959763/64959763     bwt_smem1 [5]
[6]     65.8    0.98    4.00 64959763         bwt_extend [6]
                1.64    1.18 64959763/64959763     bwt_2occ4 [7]
                1.18    0.00 34657306/69314612     bwt_occ4 [8]
-----------------------------------------------
                1.64    1.18 64959763/64959763     bwt_extend [6]
[7]     37.3    1.64    1.18 64959763         bwt_2occ4 [7]
                1.18    0.00 34657306/69314612     bwt_occ4 [8]
-----------------------------------------------
                1.18    0.00 34657306/69314612     bwt_2occ4 [7]
                1.18    0.00 34657306/69314612     bwt_extend [6]
[8]     31.2    2.36    0.00 69314612         bwt_occ4 [8]
-----------------------------------------------
                0.00    0.72   50000/50000       worker2 [10]
[9]      9.5    0.00    0.72   50000         mem_sam_pe [9]
                0.01    0.24  100000/163607      mem_reg2aln [13]
                0.00    0.23   68284/68284       mem_matesw [17]
                0.00    0.17   50920/50920       mem_reg2sam_se [21]
                0.02    0.00   49080/100437      mem_aln2sam [23]
                0.00    0.02   49080/100000      mem_gen_alt [29]
                0.01    0.00   25378/25378       mem_pair [37]
                0.00    0.00   49080/104021      mem_approx_mapq_se [34]
                0.00    0.00  100000/100000      mem_mark_primary_se [60]
                0.00    0.00   57912/601128      wrap_realloc [50]
                0.00    0.00   24540/324542      wrap_strdup [52]
-----------------------------------------------
                0.00    0.72   50000/50000       ktf_worker [1]
[10]     9.5    0.00    0.72   50000         worker2 [10]
                0.00    0.72   50000/50000       mem_sam_pe [9]
-----------------------------------------------
                0.01    0.61   73052/73052       mem_align1_core [2]
[11]     8.2    0.01    0.61   73052         mem_chain2aln [11]
                0.57    0.00   53633/53633       ksw_extend2 [12]
                0.00    0.03   73052/82009       bns_fetch_seq [28]
                0.01    0.00   73052/73054       ks_introsort_64 [35]
                0.00    0.00   99792/717752      wrap_malloc [48]
                0.00    0.00   58812/601128      wrap_realloc [50]
-----------------------------------------------
                0.57    0.00   53633/53633       mem_chain2aln [11]
[12]     7.5    0.57    0.00   53633         ksw_extend2 [12]
                0.00    0.00   53633/717752      wrap_malloc [48]
                0.00    0.00   53633/647170      wrap_calloc [49]
-----------------------------------------------
                0.00    0.03   12250/163607      mem_gen_alt [29]
                0.01    0.12   51357/163607      mem_reg2sam_se [21]
                0.01    0.24  100000/163607      mem_sam_pe [9]
[13]     5.5    0.02    0.40  163607         mem_reg2aln [13]
                0.07    0.32   67191/67193       bwa_gen_cigar2 [14]
                0.01    0.00   54941/104021      mem_approx_mapq_se [34]
                0.00    0.00   67191/717752      wrap_malloc [48]
                0.00    0.00   67191/349496      bns_pos2rid [51]
                0.00    0.00    8308/601128      wrap_realloc [50]
-----------------------------------------------
                0.00    0.00       2/67193       mem_patch_reg [41]
                0.07    0.32   67191/67193       mem_reg2aln [13]
[14]     5.2    0.07    0.32   67193         bwa_gen_cigar2 [14]
                0.29    0.00    6089/6089        ksw_global2 [16]
                0.03    0.00   67193/149202      bns_get_seq [22]
                0.00    0.00   93409/601128      wrap_realloc [50]
                0.00    0.00   61104/717752      wrap_malloc [48]
-----------------------------------------------
                0.12    0.20  100148/100148      mem_chain [4]
[15]     4.2    0.12    0.20  100148         bwt_sa [15]
                0.20    0.00 3147108/3147108     bwt_occ [20]
-----------------------------------------------
                0.29    0.00    6089/6089        bwa_gen_cigar2 [14]
[16]     3.8    0.29    0.00    6089         ksw_global2 [16]
                0.00    0.00   12176/717752      wrap_malloc [48]
                0.00    0.00    6178/601128      wrap_realloc [50]
                0.00    0.00    6089/647170      wrap_calloc [49]
-----------------------------------------------
                0.00    0.23   68284/68284       mem_sam_pe [9]
[17]     3.1    0.00    0.23   68284         mem_matesw [17]
                0.00    0.23    8957/8957        ksw_align2 [18]
                0.00    0.00    8957/82009       bns_fetch_seq [28]
                0.00    0.00    8957/108957      mem_sort_dedup_patch [40]
                0.00    0.00    8957/717752      wrap_malloc [48]
                0.00    0.00     854/601128      wrap_realloc [50]
-----------------------------------------------
                0.00    0.23    8957/8957        mem_matesw [17]
[18]     3.0    0.00    0.23    8957         ksw_align2 [18]
                0.22    0.00   11088/11088       ksw_u8 [19]
                0.01    0.00   11088/11088       ksw_qinit [38]
-----------------------------------------------
                0.22    0.00   11088/11088       ksw_align2 [18]
[19]     2.9    0.22    0.00   11088         ksw_u8 [19]
                0.00    0.00    6292/601128      wrap_realloc [50]
-----------------------------------------------
                0.20    0.00 3147108/3147108     bwt_sa [15]
[20]     2.6    0.20    0.00 3147108         bwt_occ [20]
-----------------------------------------------
                0.00    0.17   50920/50920       mem_sam_pe [9]
[21]     2.3    0.00    0.17   50920         mem_reg2sam_se [21]
                0.01    0.12   51357/163607      mem_reg2aln [13]
                0.03    0.00   51357/100437      mem_aln2sam [23]
                0.00    0.02   50920/100000      mem_gen_alt [29]
                0.00    0.00    2730/601128      wrap_realloc [50]
-----------------------------------------------
                0.03    0.00   67193/149202      bwa_gen_cigar2 [14]
                0.04    0.00   82009/149202      bns_fetch_seq [28]
[22]     0.9    0.07    0.00  149202         bns_get_seq [22]
                0.00    0.00  149202/717752      wrap_malloc [48]
-----------------------------------------------
                0.02    0.00   49080/100437      mem_sam_pe [9]
                0.03    0.00   51357/100437      mem_reg2sam_se [21]
[23]     0.7    0.05    0.00  100437         mem_aln2sam [23]
                0.00    0.00  274909/274909      kputc [53]
                0.00    0.00  100037/100037      kputsn [55]
                0.00    0.00   52229/52229       kputw [63]
                0.00    0.00   50861/50861       kputl [64]
                0.00    0.00    1668/601128      wrap_realloc [50]
-----------------------------------------------
                                                 <spontaneous>
[24]     0.5    0.00    0.04                 main_mem [24]
                0.00    0.04       3/3           bseq_read [26]
                0.00    0.00       2/2           mem_process_seqs <cycle 1> [66]
                0.00    0.00       1/1           bwa_idx_load [44]
                0.00    0.00  100000/100000      err_fputs [56]
                0.00    0.00       1/1           mem_opt_init [95]
                0.00    0.00       1/2           bwa_fill_scmat [76]
                0.00    0.00       1/1           kopen [92]
                0.00    0.00       1/1           kseq_init [94]
                0.00    0.00       1/1           bwa_idx_destroy [85]
                0.00    0.00       1/1           kseq_destroy [93]
                0.00    0.00       1/1           kclose [91]
                0.00    0.00       1/1           err_gzclose [90]
                0.00    0.00       1/2           err_printf [79]
                0.00    0.00       1/1           bwa_print_sam_hdr [86]
-----------------------------------------------
                0.00    0.04  100002/100002      bseq_read [26]
[25]     0.5    0.00    0.04  100002         kseq_read [25]
                0.04    0.00  300000/300000      ks_getuntil2 [27]
                0.00    0.00      24/1971        err_gzread [39]
                0.00    0.00       1/601128      wrap_realloc [50]
                0.00    0.00       1/717752      wrap_malloc [48]
-----------------------------------------------
                0.00    0.04       3/3           main_mem [24]
[26]     0.5    0.00    0.04       3         bseq_read [26]
                0.00    0.04  100002/100002      kseq_read [25]
                0.00    0.00  300000/324542      wrap_strdup [52]
                0.00    0.00      19/601128      wrap_realloc [50]
-----------------------------------------------
                0.04    0.00  300000/300000      kseq_read [25]
[27]     0.5    0.04    0.00  300000         ks_getuntil2 [27]
                0.00    0.00    1947/1971        err_gzread [39]
                0.00    0.00       2/601128      wrap_realloc [50]
-----------------------------------------------
                0.00    0.00    8957/82009       mem_matesw [17]
                0.00    0.03   73052/82009       mem_chain2aln [11]
[28]     0.5    0.00    0.04   82009         bns_fetch_seq [28]
                0.04    0.00   82009/149202      bns_get_seq [22]
                0.00    0.00   82009/349496      bns_pos2rid [51]
-----------------------------------------------
                0.00    0.02   49080/100000      mem_sam_pe [9]
                0.00    0.02   50920/100000      mem_reg2sam_se [21]
[29]     0.4    0.00    0.03  100000         mem_gen_alt [29]
                0.00    0.03   12250/163607      mem_reg2aln [13]
                0.00    0.00  112204/647170      wrap_calloc [49]
                0.00    0.00   17036/601128      wrap_realloc [50]
-----------------------------------------------
                0.01    0.01  100000/100000      mem_align1_core [2]
[30]     0.3    0.01    0.01  100000         mem_chain_flt [30]
                0.01    0.00   52611/52611       ks_introsort_mem_flt [36]
                0.00    0.00   75068/75068       mem_chain_weight [61]
                0.00    0.00   58777/601128      wrap_realloc [50]
-----------------------------------------------
                                                 <spontaneous>
[31]     0.3    0.02    0.00                 bwt_2occ [31]
-----------------------------------------------
                                                 <spontaneous>
[32]     0.3    0.02    0.00                 bwt_match_exact_alt [32]
-----------------------------------------------
                0.00    0.00       1/1599208     bwt_restore_sa [47]
                0.00    0.00       1/1599208     bwt_restore_bwt [46]
                0.01    0.00 1599206/1599208     bwt_smem1 [5]
[33]     0.1    0.01    0.00 1599208         fread_fix [33]
                0.00    0.00       2/9           err_fread_noeof [72]
-----------------------------------------------
                0.00    0.00   49080/104021      mem_sam_pe [9]
                0.01    0.00   54941/104021      mem_reg2aln [13]
[34]     0.1    0.01    0.00  104021         mem_approx_mapq_se [34]
-----------------------------------------------
                0.00    0.00       2/73054       mem_pestat <cycle 1> [43]
                0.01    0.00   73052/73054       mem_chain2aln [11]
[35]     0.1    0.01    0.00   73054         ks_introsort_64 [35]
                0.00    0.00   64279/717752      wrap_malloc [48]
-----------------------------------------------
                0.01    0.00   52611/52611       mem_chain_flt [30]
[36]     0.1    0.01    0.00   52611         ks_introsort_mem_flt [36]
                0.00    0.00   48905/717752      wrap_malloc [48]
-----------------------------------------------
                0.01    0.00   25378/25378       mem_sam_pe [9]
[37]     0.1    0.01    0.00   25378         mem_pair [37]
                0.00    0.00   60667/601128      wrap_realloc [50]
                0.00    0.00   50156/50156       ks_introsort_128 [65]
-----------------------------------------------
                0.01    0.00   11088/11088       ksw_align2 [18]
[38]     0.1    0.01    0.00   11088         ksw_qinit [38]
                0.00    0.00   11088/717752      wrap_malloc [48]
-----------------------------------------------
                0.00    0.00      24/1971        kseq_read [25]
                0.00    0.00    1947/1971        ks_getuntil2 [27]
[39]     0.1    0.01    0.00    1971         err_gzread [39]
-----------------------------------------------
                0.00    0.00    8957/108957      mem_matesw [17]
                0.00    0.00  100000/108957      mem_align1_core [2]
[40]     0.0    0.00    0.00  108957         mem_sort_dedup_patch [40]
                0.00    0.00    1222/1222        mem_patch_reg [41]
                0.00    0.00   12828/12828       ks_introsort_mem_ars2 [68]
                0.00    0.00   12828/12828       ks_introsort_mem_ars [67]
-----------------------------------------------
                0.00    0.00    1222/1222        mem_sort_dedup_patch [40]
[41]     0.0    0.00    0.00    1222         mem_patch_reg [41]
                0.00    0.00       2/67193       bwa_gen_cigar2 [14]
-----------------------------------------------
[42]     0.0    0.00    0.00       2+47956   <cycle 1 as a whole> [42]
                0.00    0.00       2             mem_pestat <cycle 1> [43]
                0.00    0.00   47956             mem_process_seqs <cycle 1> [66]
-----------------------------------------------
                                   2             mem_process_seqs <cycle 1> [66]
[43]     0.0    0.00    0.00       2         mem_pestat <cycle 1> [43]
                0.00    0.00       2/73054       ks_introsort_64 [35]
                0.00    0.00      32/601128      wrap_realloc [50]
                               47954             mem_process_seqs <cycle 1> [66]
-----------------------------------------------
                0.00    0.00       1/1           main_mem [24]
[44]     0.0    0.00    0.00       1         bwa_idx_load [44]
                0.00    0.00       1/1           bwa_idx_load_bwt [45]
                0.00    0.00       2/647170      wrap_calloc [49]
                0.00    0.00       1/2           bwa_idx_infer_prefix [77]
                0.00    0.00       1/1           bns_restore [83]
                0.00    0.00       1/9           err_fread_noeof [72]
                0.00    0.00       1/5           err_fclose [73]
-----------------------------------------------
                0.00    0.00       1/1           bwa_idx_load [44]
[45]     0.0    0.00    0.00       1         bwa_idx_load_bwt [45]
                0.00    0.00       1/1           bwt_restore_bwt [46]
                0.00    0.00       1/1           bwt_restore_sa [47]
                0.00    0.00       1/2           bwa_idx_infer_prefix [77]
                0.00    0.00       1/647170      wrap_calloc [49]
-----------------------------------------------
                0.00    0.00       1/1           bwa_idx_load_bwt [45]
[46]     0.0    0.00    0.00       1         bwt_restore_bwt [46]
                0.00    0.00       1/1599208     fread_fix [33]
                0.00    0.00       2/647170      wrap_calloc [49]
                0.00    0.00       2/2           err_fseek [78]
                0.00    0.00       2/9           err_fread_noeof [72]
                0.00    0.00       1/5           err_xopen_core [74]
                0.00    0.00       1/1           err_ftell [89]
                0.00    0.00       1/1           bwt_gen_cnt_table [88]
                0.00    0.00       1/5           err_fclose [73]
-----------------------------------------------
                0.00    0.00       1/1           bwa_idx_load_bwt [45]
[47]     0.0    0.00    0.00       1         bwt_restore_sa [47]
                0.00    0.00       1/1599208     fread_fix [33]
                0.00    0.00       4/9           err_fread_noeof [72]
                0.00    0.00       1/5           err_xopen_core [74]
                0.00    0.00       1/647170      wrap_calloc [49]
                0.00    0.00       1/5           err_fclose [73]
-----------------------------------------------
                0.00    0.00       1/717752      kseq_init [94]
                0.00    0.00       1/717752      kseq_read [25]
                0.00    0.00       2/717752      bwa_idx_infer_prefix [77]
                0.00    0.00       4/717752      mem_process_seqs <cycle 1> [66]
                0.00    0.00    7069/717752      ks_introsort_mem_ars2 [68]
                0.00    0.00    7187/717752      ks_introsort_mem_ars [67]
                0.00    0.00    8957/717752      mem_matesw [17]
                0.00    0.00   11088/717752      ksw_qinit [38]
                0.00    0.00   12176/717752      ksw_global2 [16]
                0.00    0.00   28684/717752      ks_introsort_128 [65]
                0.00    0.00   48362/717752      ks_introsort_mem_ars_hash [62]
                0.00    0.00   48905/717752      ks_introsort_mem_flt [36]
                0.00    0.00   50115/717752      ks_introsort_mem_intv [58]
                0.00    0.00   53633/717752      ksw_extend2 [12]
                0.00    0.00   61104/717752      bwa_gen_cigar2 [14]
                0.00    0.00   64279/717752      ks_introsort_64 [35]
                0.00    0.00   67191/717752      mem_reg2aln [13]
                0.00    0.00   99792/717752      mem_chain2aln [11]
                0.00    0.00  149202/717752      bns_get_seq [22]
[48]     0.0    0.00    0.00  717752         wrap_malloc [48]
-----------------------------------------------
                0.00    0.00       1/647170      kopen [92]
                0.00    0.00       1/647170      bwt_restore_sa [47]
                0.00    0.00       1/647170      bwa_idx_load_bwt [45]
                0.00    0.00       1/647170      mem_opt_init [95]
                0.00    0.00       2/647170      kseq_init [94]
                0.00    0.00       2/647170      bwt_restore_bwt [46]
                0.00    0.00       2/647170      bns_restore_core [84]
                0.00    0.00       2/647170      bwa_idx_load [44]
                0.00    0.00       6/647170      smem_aux_init [81]
                0.00    0.00      81/647170      __kb_split_chn [321]
                0.00    0.00    6089/647170      ksw_global2 [16]
                0.00    0.00   53633/647170      ksw_extend2 [12]
                0.00    0.00  112204/647170      mem_gen_alt [29]
                0.00    0.00  200000/647170      kb_init_chn [57]
                0.00    0.00  275145/647170      mem_chain [4]
[49]     0.0    0.00    0.00  647170         wrap_calloc [49]
-----------------------------------------------
                0.00    0.00       1/601128      kseq_read [25]
                0.00    0.00       2/601128      ks_getuntil2 [27]
                0.00    0.00       2/601128      ksprintf [289]
                0.00    0.00      19/601128      bseq_read [26]
                0.00    0.00      28/601128      bwt_smem1 [5]
                0.00    0.00      32/601128      mem_pestat <cycle 1> [43]
                0.00    0.00     854/601128      mem_matesw [17]
                0.00    0.00    1668/601128      mem_aln2sam [23]
                0.00    0.00    2730/601128      mem_reg2sam_se [21]
                0.00    0.00    6178/601128      ksw_global2 [16]
                0.00    0.00    6292/601128      ksw_u8 [19]
                0.00    0.00    8308/601128      mem_reg2aln [13]
                0.00    0.00   17036/601128      mem_gen_alt [29]
                0.00    0.00   52681/601128      mem_mark_primary_se [60]
                0.00    0.00   57912/601128      mem_sam_pe [9]
                0.00    0.00   58777/601128      mem_chain_flt [30]
                0.00    0.00   58812/601128      mem_chain2aln [11]
                0.00    0.00   60667/601128      mem_pair [37]
                0.00    0.00   75662/601128      kputc [53]
                0.00    0.00   93409/601128      bwa_gen_cigar2 [14]
                0.00    0.00  100058/601128      mem_chain [4]
[50]     0.0    0.00    0.00  601128         wrap_realloc [50]
-----------------------------------------------
                0.00    0.00   67191/349496      mem_reg2aln [13]
                0.00    0.00   82009/349496      bns_fetch_seq [28]
                0.00    0.00  200296/349496      bns_intv2rid [54]
[51]     0.0    0.00    0.00  349496         bns_pos2rid [51]
-----------------------------------------------
                0.00    0.00       2/324542      bns_restore_core [84]
                0.00    0.00   24540/324542      mem_sam_pe [9]
                0.00    0.00  300000/324542      bseq_read [26]
[52]     0.0    0.00    0.00  324542         wrap_strdup [52]
-----------------------------------------------
                0.00    0.00  274909/274909      mem_aln2sam [23]
[53]     0.0    0.00    0.00  274909         kputc [53]
                0.00    0.00   75662/601128      wrap_realloc [50]
-----------------------------------------------
                0.00    0.00  100148/100148      mem_chain [4]
[54]     0.0    0.00    0.00  100148         bns_intv2rid [54]
                0.00    0.00  200296/349496      bns_pos2rid [51]
-----------------------------------------------
                0.00    0.00  100037/100037      mem_aln2sam [23]
[55]     0.0    0.00    0.00  100037         kputsn [55]
-----------------------------------------------
                0.00    0.00  100000/100000      main_mem [24]
[56]     0.0    0.00    0.00  100000         err_fputs [56]
-----------------------------------------------
                0.00    0.00  100000/100000      mem_chain [4]
[57]     0.0    0.00    0.00  100000         kb_init_chn [57]
                0.00    0.00  200000/647170      wrap_calloc [49]
-----------------------------------------------
                0.00    0.00  100000/100000      mem_chain [4]
[58]     0.0    0.00    0.00  100000         ks_introsort_mem_intv [58]
                0.00    0.00   50115/717752      wrap_malloc [48]
                0.00    0.00      26/26          ks_combsort_mem_intv [69]
-----------------------------------------------
                0.00    0.00  100000/100000      mem_align1_core [2]
[59]     0.0    0.00    0.00  100000         mem_flt_chained_seeds [59]
-----------------------------------------------
                0.00    0.00  100000/100000      mem_sam_pe [9]
[60]     0.0    0.00    0.00  100000         mem_mark_primary_se [60]
                0.00    0.00   52681/601128      wrap_realloc [50]
                0.00    0.00   52651/52651       ks_introsort_mem_ars_hash [62]
-----------------------------------------------
                0.00    0.00   75068/75068       mem_chain_flt [30]
[61]     0.0    0.00    0.00   75068         mem_chain_weight [61]
-----------------------------------------------
                0.00    0.00   52651/52651       mem_mark_primary_se [60]
[62]     0.0    0.00    0.00   52651         ks_introsort_mem_ars_hash [62]
                0.00    0.00   48362/717752      wrap_malloc [48]
-----------------------------------------------
                0.00    0.00   52229/52229       mem_aln2sam [23]
[63]     0.0    0.00    0.00   52229         kputw [63]
-----------------------------------------------
                0.00    0.00   50861/50861       mem_aln2sam [23]
[64]     0.0    0.00    0.00   50861         kputl [64]
-----------------------------------------------
                0.00    0.00   50156/50156       mem_pair [37]
[65]     0.0    0.00    0.00   50156         ks_introsort_128 [65]
                0.00    0.00   28684/717752      wrap_malloc [48]
-----------------------------------------------
                               47954             mem_pestat <cycle 1> [43]
                0.00    0.00       2/2           main_mem [24]
[66]     0.0    0.00    0.00   47956         mem_process_seqs <cycle 1> [66]
                0.00    0.00      14/14          cputime [70]
                0.00    0.00      14/14          realtime [71]
                0.00    0.00       4/717752      wrap_malloc [48]
                0.00    0.00       4/4           kt_for [75]
                0.00    0.00       2/2           smem_aux_init [81]
                0.00    0.00       2/2           smem_aux_destroy [80]
                                   2             mem_pestat <cycle 1> [43]
-----------------------------------------------
                0.00    0.00   12828/12828       mem_sort_dedup_patch [40]
[67]     0.0    0.00    0.00   12828         ks_introsort_mem_ars [67]
                0.00    0.00    7187/717752      wrap_malloc [48]
-----------------------------------------------
                0.00    0.00   12828/12828       mem_sort_dedup_patch [40]
[68]     0.0    0.00    0.00   12828         ks_introsort_mem_ars2 [68]
                0.00    0.00    7069/717752      wrap_malloc [48]
-----------------------------------------------
                0.00    0.00      26/26          ks_introsort_mem_intv [58]
[69]     0.0    0.00    0.00      26         ks_combsort_mem_intv [69]
-----------------------------------------------
                0.00    0.00      14/14          mem_process_seqs <cycle 1> [66]
[70]     0.0    0.00    0.00      14         cputime [70]
-----------------------------------------------
                0.00    0.00      14/14          mem_process_seqs <cycle 1> [66]
[71]     0.0    0.00    0.00      14         realtime [71]
-----------------------------------------------
                0.00    0.00       1/9           bwa_idx_load [44]
                0.00    0.00       2/9           fread_fix [33]
                0.00    0.00       2/9           bwt_restore_bwt [46]
                0.00    0.00       4/9           bwt_restore_sa [47]
[72]     0.0    0.00    0.00       9         err_fread_noeof [72]
-----------------------------------------------
                0.00    0.00       1/5           bwt_restore_sa [47]
                0.00    0.00       1/5           bwt_restore_bwt [46]
                0.00    0.00       1/5           bwa_idx_load [44]
                0.00    0.00       2/5           bns_restore_core [84]
[73]     0.0    0.00    0.00       5         err_fclose [73]
-----------------------------------------------
                0.00    0.00       1/5           bwt_restore_sa [47]
                0.00    0.00       1/5           bwt_restore_bwt [46]
                0.00    0.00       3/5           bns_restore_core [84]
[74]     0.0    0.00    0.00       5         err_xopen_core [74]
-----------------------------------------------
                0.00    0.00       4/4           mem_process_seqs <cycle 1> [66]
[75]     0.0    0.00    0.00       4         kt_for [75]
-----------------------------------------------
                0.00    0.00       1/2           main_mem [24]
                0.00    0.00       1/2           mem_opt_init [95]
[76]     0.0    0.00    0.00       2         bwa_fill_scmat [76]
-----------------------------------------------
                0.00    0.00       1/2           bwa_idx_load_bwt [45]
                0.00    0.00       1/2           bwa_idx_load [44]
[77]     0.0    0.00    0.00       2         bwa_idx_infer_prefix [77]
                0.00    0.00       2/717752      wrap_malloc [48]
-----------------------------------------------
                0.00    0.00       2/2           bwt_restore_bwt [46]
[78]     0.0    0.00    0.00       2         err_fseek [78]
-----------------------------------------------
                0.00    0.00       1/2           main_mem [24]
                0.00    0.00       1/2           bwa_print_sam_hdr [86]
[79]     0.0    0.00    0.00       2         err_printf [79]
-----------------------------------------------
                0.00    0.00       2/2           mem_process_seqs <cycle 1> [66]
[80]     0.0    0.00    0.00       2         smem_aux_destroy [80]
-----------------------------------------------
                0.00    0.00       2/2           mem_process_seqs <cycle 1> [66]
[81]     0.0    0.00    0.00       2         smem_aux_init [81]
                0.00    0.00       6/647170      wrap_calloc [49]
-----------------------------------------------
                0.00    0.00       1/1           bwa_idx_destroy [85]
[82]     0.0    0.00    0.00       1         bns_destroy [82]
-----------------------------------------------
                0.00    0.00       1/1           bwa_idx_load [44]
[83]     0.0    0.00    0.00       1         bns_restore [83]
                0.00    0.00       1/1           bns_restore_core [84]
-----------------------------------------------
                0.00    0.00       1/1           bns_restore [83]
[84]     0.0    0.00    0.00       1         bns_restore_core [84]
                0.00    0.00       3/5           err_xopen_core [74]
                0.00    0.00       2/647170      wrap_calloc [49]
                0.00    0.00       2/324542      wrap_strdup [52]
                0.00    0.00       2/5           err_fclose [73]
-----------------------------------------------
                0.00    0.00       1/1           main_mem [24]
[85]     0.0    0.00    0.00       1         bwa_idx_destroy [85]
                0.00    0.00       1/1           bwt_destroy [87]
                0.00    0.00       1/1           bns_destroy [82]
-----------------------------------------------
                0.00    0.00       1/1           main_mem [24]
[86]     0.0    0.00    0.00       1         bwa_print_sam_hdr [86]
                0.00    0.00       1/2           err_printf [79]
-----------------------------------------------
                0.00    0.00       1/1           bwa_idx_destroy [85]
[87]     0.0    0.00    0.00       1         bwt_destroy [87]
-----------------------------------------------
                0.00    0.00       1/1           bwt_restore_bwt [46]
[88]     0.0    0.00    0.00       1         bwt_gen_cnt_table [88]
-----------------------------------------------
                0.00    0.00       1/1           bwt_restore_bwt [46]
[89]     0.0    0.00    0.00       1         err_ftell [89]
-----------------------------------------------
                0.00    0.00       1/1           main_mem [24]
[90]     0.0    0.00    0.00       1         err_gzclose [90]
-----------------------------------------------
                0.00    0.00       1/1           main_mem [24]
[91]     0.0    0.00    0.00       1         kclose [91]
-----------------------------------------------
                0.00    0.00       1/1           main_mem [24]
[92]     0.0    0.00    0.00       1         kopen [92]
                0.00    0.00       1/647170      wrap_calloc [49]
-----------------------------------------------
                0.00    0.00       1/1           main_mem [24]
[93]     0.0    0.00    0.00       1         kseq_destroy [93]
-----------------------------------------------
                0.00    0.00       1/1           main_mem [24]
[94]     0.0    0.00    0.00       1         kseq_init [94]
                0.00    0.00       2/647170      wrap_calloc [49]
                0.00    0.00       1/717752      wrap_malloc [48]
-----------------------------------------------
                0.00    0.00       1/1           main_mem [24]
[95]     0.0    0.00    0.00       1         mem_opt_init [95]
                0.00    0.00       1/647170      wrap_calloc [49]
                0.00    0.00       1/2           bwa_fill_scmat [76]
-----------------------------------------------
                0.00    0.00      81/81          mem_chain [4]
[321]    0.0    0.00    0.00      81         __kb_split_chn [321]
                0.00    0.00      81/647170      wrap_calloc [49]
-----------------------------------------------

 This table describes the call tree of the program, and was sorted by
 the total amount of time spent in each function and its children.

 Each entry in this table consists of several lines.  The line with the
 index number at the left hand margin lists the current function.
 The lines above it list the functions that called this function,
 and the lines below it list the functions this one called.
 This line lists:
     index	A unique number given to each element of the table.
		Index numbers are sorted numerically.
		The index number is printed next to every function name so
		it is easier to look up where the function in the table.

     % time	This is the percentage of the `total' time that was spent
		in this function and its children.  Note that due to
		different viewpoints, functions excluded by options, etc,
		these numbers will NOT add up to 100%.

     self	This is the total amount of time spent in this function.

     children	This is the total amount of time propagated into this
		function by its children.

     called	This is the number of times the function was called.
		If the function called itself recursively, the number
		only includes non-recursive calls, and is followed by
		a `+' and the number of recursive calls.

     name	The name of the current function.  The index number is
		printed after it.  If the function is a member of a
		cycle, the cycle number is printed between the
		function's name and the index number.


 For the function's parents, the fields have the following meanings:

     self	This is the amount of time that was propagated directly
		from the function into this parent.

     children	This is the amount of time that was propagated from
		the function's children into this parent.

     called	This is the number of times this parent called the
		function `/' the total number of times the function
		was called.  Recursive calls to the function are not
		included in the number after the `/'.

     name	This is the name of the parent.  The parent's index
		number is printed after it.  If the parent is a
		member of a cycle, the cycle number is printed between
		the name and the index number.

 If the parents of the function cannot be determined, the word
 `<spontaneous>' is printed in the `name' field, and all the other
 fields are blank.

 For the function's children, the fields have the following meanings:

     self	This is the amount of time that was propagated directly
		from the child into the function.

     children	This is the amount of time that was propagated from the
		child's children to the function.

     called	This is the number of times the function called
		this child `/' the total number of times the child
		was called.  Recursive calls by the child are not
		listed in the number after the `/'.

     name	This is the name of the child.  The child's index
		number is printed after it.  If the child is a
		member of a cycle, the cycle number is printed
		between the name and the index number.

 If there are any cycles (circles) in the call graph, there is an
 entry for the cycle-as-a-whole.  This entry shows who called the
 cycle (as parents) and the members of the cycle (as children.)
 The `+' recursive calls entry shows the number of function calls that
 were internal to the cycle, and the calls entry for each member shows,
 for that member, how many times it was called from other members of
 the cycle.


Index by function name

 [321] __kb_split_chn (bwamem.c) [78] err_fseek            [2] mem_align1_core
  [82] bns_destroy            [89] err_ftell              [23] mem_aln2sam
  [28] bns_fetch_seq          [90] err_gzclose            [34] mem_approx_mapq_se
  [22] bns_get_seq            [39] err_gzread              [4] mem_chain
  [54] bns_intv2rid           [79] err_printf             [11] mem_chain2aln
  [51] bns_pos2rid            [74] err_xopen_core         [30] mem_chain_flt
  [83] bns_restore            [33] fread_fix (bwt.c)      [61] mem_chain_weight
  [84] bns_restore_core       [57] kb_init_chn            [59] mem_flt_chained_seeds
  [26] bseq_read              [91] kclose                 [29] mem_gen_alt
  [76] bwa_fill_scmat         [92] kopen                  [60] mem_mark_primary_se
  [14] bwa_gen_cigar2         [53] kputc (kstring.h)      [17] mem_matesw
  [85] bwa_idx_destroy        [64] kputl (kstring.h)      [95] mem_opt_init
  [77] bwa_idx_infer_prefix   [55] kputsn (kstring.h)     [37] mem_pair
  [44] bwa_idx_load           [63] kputw (kstring.h)      [41] mem_patch_reg
  [45] bwa_idx_load_bwt       [69] ks_combsort_mem_intv   [43] mem_pestat
  [86] bwa_print_sam_hdr      [27] ks_getuntil2 (utils.c) [66] mem_process_seqs
  [31] bwt_2occ               [65] ks_introsort_128       [13] mem_reg2aln
   [7] bwt_2occ4              [35] ks_introsort_64        [21] mem_reg2sam_se
  [87] bwt_destroy            [67] ks_introsort_mem_ars    [9] mem_sam_pe
   [6] bwt_extend             [68] ks_introsort_mem_ars2  [40] mem_sort_dedup_patch
  [88] bwt_gen_cnt_table      [62] ks_introsort_mem_ars_hash [71] realtime
  [32] bwt_match_exact_alt    [36] ks_introsort_mem_flt   [80] smem_aux_destroy (bwamem.c)
  [20] bwt_occ                [58] ks_introsort_mem_intv  [81] smem_aux_init (bwamem.c)
   [8] bwt_occ4               [93] kseq_destroy            [3] worker1 (bwamem.c)
  [46] bwt_restore_bwt        [94] kseq_init              [10] worker2 (bwamem.c)
  [47] bwt_restore_sa         [25] kseq_read              [49] wrap_calloc
  [15] bwt_sa                 [18] ksw_align2             [48] wrap_malloc
   [5] bwt_smem1              [12] ksw_extend2            [50] wrap_realloc
  [70] cputime                [16] ksw_global2            [52] wrap_strdup
  [73] err_fclose             [38] ksw_qinit              [42] <cycle 1>
  [56] err_fputs              [19] ksw_u8
  [72] err_fread_noeof        [75] kt_for
