Flat profile:

Each sample counts as 0.01 seconds.
  %   cumulative   self              self     total           
 time   seconds   seconds    calls  ms/call  ms/call  name    
 26.08      1.94     1.94 13696266     0.00     0.00  bwt_occ4
 23.79      3.70     1.77 11117653     0.00     0.00  bwt_2occ4
 15.77      4.87     1.17 10126891     0.00     0.00  bwt_extend
 15.77      6.04     1.17   107470     0.01     0.06  bwt_smem1
  5.80      6.47     0.43     6033     0.07     0.07  ksw_extend2
  3.10      6.70     0.23     3900     0.06     0.06  ksw_global2
  2.70      6.90     0.20     7293     0.03     0.03  ksw_u8
  1.08      6.98     0.08   218346     0.00     0.00  fread_fix
  0.81      7.04     0.06   473808     0.00     0.00  bwt_occ
  0.67      7.09     0.05     9413     0.01     0.67  mem_chain
  0.54      7.13     0.04   300000     0.00     0.00  ks_getuntil2
  0.54      7.17     0.04    66685     0.00     0.00  mem_aln2sam
  0.54      7.21     0.04                             bwt_2occ
  0.54      7.25     0.04                             bwt_match_exact_alt
  0.40      7.28     0.03    12552     0.00     0.01  bwt_sa
  0.27      7.30     0.02   109126     0.00     0.00  mem_reg2aln
  0.27      7.32     0.02    67474     0.00     0.00  bns_get_seq
  0.27      7.34     0.02    44797     0.00     0.01  bwa_gen_cigar2
  0.13      7.35     0.01   283499     0.00     0.00  wrap_realloc
  0.13      7.36     0.01    68942     0.00     0.00  mem_gen_alt
  0.13      7.37     0.01    45704     0.00     0.00  mem_matesw
  0.13      7.38     0.01    35218     0.00     0.02  mem_sam_pe
  0.13      7.39     0.01    11672     0.00     0.00  mem_chain_flt
  0.13      7.40     0.01     7696     0.00     0.06  mem_chain2aln
  0.13      7.41     0.01     5138     0.00     1.31  worker1
  0.13      7.42     0.01        1    10.00    10.00  mem_pestat
  0.00      7.42     0.00   317286     0.00     0.00  wrap_strdup
  0.00      7.42     0.00   283390     0.00     0.00  wrap_malloc
  0.00      7.42     0.00   180977     0.00     0.00  kputc
  0.00      7.42     0.00   155683     0.00     0.00  wrap_calloc
  0.00      7.42     0.00   100002     0.00     0.00  kseq_read
  0.00      7.42     0.00   100000     0.00     0.00  err_fputs
  0.00      7.42     0.00    89725     0.00     0.00  bns_pos2rid
  0.00      7.42     0.00    68035     0.00     0.00  mem_mark_primary_se
  0.00      7.42     0.00    67079     0.00     0.00  mem_approx_mapq_se
  0.00      7.42     0.00    64793     0.00     0.00  kputsn
  0.00      7.42     0.00    47955     0.00     0.00  mem_process_seqs
  0.00      7.42     0.00    36571     0.00     0.00  ks_introsort_mem_ars_hash
  0.00      7.42     0.00    35495     0.00     0.00  kputw
  0.00      7.42     0.00    35374     0.00     0.00  mem_reg2sam_se
  0.00      7.42     0.00    34782     0.00     0.00  kputl
  0.00      7.42     0.00    32917     0.00     0.00  ks_introsort_128
  0.00      7.42     0.00    32627     0.00     0.02  worker2
  0.00      7.42     0.00    17298     0.00     0.00  mem_sort_dedup_patch
  0.00      7.42     0.00    16636     0.00     0.00  mem_pair
  0.00      7.42     0.00    15073     0.00     0.00  bns_fetch_seq
  0.00      7.42     0.00    12775     0.00     0.53  mem_align1_core
  0.00      7.42     0.00    12733     0.00     0.00  ks_introsort_mem_intv
  0.00      7.42     0.00    12414     0.00     0.00  kb_init_chn
  0.00      7.42     0.00    12103     0.00     0.00  mem_flt_chained_seeds
  0.00      7.42     0.00    11834     0.00     0.00  bns_intv2rid
  0.00      7.42     0.00    10771     0.00     0.00  mem_chain_weight
  0.00      7.42     0.00     8627     0.00     0.00  ks_introsort_mem_flt
  0.00      7.42     0.00     7594     0.00     0.00  ksw_qinit
  0.00      7.42     0.00     7344     0.00     0.00  ks_introsort_64
  0.00      7.42     0.00     5767     0.00     0.03  ksw_align2
  0.00      7.42     0.00     3841     0.00     0.00  ks_introsort_mem_ars
  0.00      7.42     0.00     3706     0.00     0.00  ks_introsort_mem_ars2
  0.00      7.42     0.00     1971     0.00     0.00  err_gzread
  0.00      7.42     0.00      419     0.00     0.00  mem_patch_reg
  0.00      7.42     0.00       14     0.00     0.00  __kb_split_chn
  0.00      7.42     0.00        9     0.00     0.00  err_fread_noeof
  0.00      7.42     0.00        7     0.00     0.00  cputime
  0.00      7.42     0.00        7     0.00     0.00  realtime
  0.00      7.42     0.00        6     0.00     0.00  ks_combsort_mem_intv
  0.00      7.42     0.00        5     0.00     0.00  err_fclose
  0.00      7.42     0.00        5     0.00     0.00  err_xopen_core
  0.00      7.42     0.00        4     0.00     0.00  smem_aux_destroy
  0.00      7.42     0.00        4     0.00     0.00  smem_aux_init
  0.00      7.42     0.00        2     0.00    20.00  bseq_read
  0.00      7.42     0.00        2     0.00     0.00  bwa_fill_scmat
  0.00      7.42     0.00        2     0.00     0.00  bwa_idx_infer_prefix
  0.00      7.42     0.00        2     0.00     0.00  err_fseek
  0.00      7.42     0.00        2     0.00     0.00  err_printf
  0.00      7.42     0.00        2     0.00     0.00  kt_for
  0.00      7.42     0.00        1     0.00     0.00  bns_destroy
  0.00      7.42     0.00        1     0.00     0.00  bns_restore
  0.00      7.42     0.00        1     0.00     0.00  bns_restore_core
  0.00      7.42     0.00        1     0.00     0.00  bwa_idx_destroy
  0.00      7.42     0.00        1     0.00     0.00  bwa_idx_load
  0.00      7.42     0.00        1     0.00     0.00  bwa_idx_load_bwt
  0.00      7.42     0.00        1     0.00     0.00  bwa_print_sam_hdr
  0.00      7.42     0.00        1     0.00     0.00  bwt_destroy
  0.00      7.42     0.00        1     0.00     0.00  bwt_gen_cnt_table
  0.00      7.42     0.00        1     0.00     0.00  bwt_restore_bwt
  0.00      7.42     0.00        1     0.00     0.00  bwt_restore_sa
  0.00      7.42     0.00        1     0.00     0.00  err_ftell
  0.00      7.42     0.00        1     0.00     0.00  err_gzclose
  0.00      7.42     0.00        1     0.00     0.00  kclose
  0.00      7.42     0.00        1     0.00     0.00  kopen
  0.00      7.42     0.00        1     0.00     0.00  kseq_destroy
  0.00      7.42     0.00        1     0.00     0.00  kseq_init
  0.00      7.42     0.00        1     0.00     0.00  mem_opt_init

 %         the percentage of the total running time of the
time       program used by this function.

cumulative a running sum of the number of seconds accounted
 seconds   for by this function and those listed above it.

 self      the number of seconds accounted for by this
seconds    function alone.  This is the major sort for this
           listing.

calls      the number of times this function was invoked, if
           this function is profiled, else blank.
 
 self      the average number of milliseconds spent in this
ms/call    function per call, if this function is profiled,
	   else blank.

 total     the average number of milliseconds spent in this
ms/call    function and its descendents per call, if this 
	   function is profiled, else blank.

name       the name of the function.  This is the minor sort
           for this listing. The index shows the location of
	   the function in the gprof listing. If the index is
	   in parenthesis it shows where it would appear in
	   the gprof listing if it were to be printed.

		     Call graph (explanation follows)


granularity: each sample hit covers 2 byte(s) for 0.13% of 7.42 seconds

index % time    self  children    called     name
                                                 <spontaneous>
[1]     98.2    0.00    7.29                 ktf_worker [1]
                0.01    6.71    5138/5138        worker1 [2]
                0.00    0.57   32627/32627       worker2 [10]
-----------------------------------------------
                0.01    6.71    5138/5138        ktf_worker [1]
[2]     90.6    0.01    6.71    5138         worker1 [2]
                0.00    6.71   12775/12775       mem_align1_core [3]
-----------------------------------------------
                0.00    6.71   12775/12775       worker1 [2]
[3]     90.5    0.00    6.71   12775         mem_align1_core [3]
                0.05    6.21    9413/9413        mem_chain [4]
                0.01    0.43    7696/7696        mem_chain2aln [11]
                0.01    0.00   11672/11672       mem_chain_flt [32]
                0.00    0.00   11362/17298       mem_sort_dedup_patch [40]
                0.00    0.00   12103/12103       mem_flt_chained_seeds [61]
-----------------------------------------------
                0.05    6.21    9413/9413        mem_align1_core [3]
[4]     84.4    0.05    6.21    9413         mem_chain [4]
                1.17    4.95  107470/107470      bwt_smem1 [5]
                0.03    0.06   12552/12552       bwt_sa [20]
                0.00    0.00   14253/283499      wrap_realloc [35]
                0.00    0.00   35087/155683      wrap_calloc [49]
                0.00    0.00   12733/12733       ks_introsort_mem_intv [59]
                0.00    0.00   12414/12414       kb_init_chn [60]
                0.00    0.00   11834/11834       bns_intv2rid [62]
                0.00    0.00      14/14          __kb_split_chn [321]
-----------------------------------------------
                1.17    4.95  107470/107470      mem_chain [4]
[5]     82.5    1.17    4.95  107470         bwt_smem1 [5]
                1.17    3.70 10126891/10126891     bwt_extend [6]
                0.08    0.00  218344/218346      fread_fix [21]
                0.00    0.00      17/283499      wrap_realloc [35]
-----------------------------------------------
                1.17    3.70 10126891/10126891     bwt_smem1 [5]
[6]     65.6    1.17    3.70 10126891         bwt_extend [6]
                1.77    0.99 11117653/11117653     bwt_2occ4 [7]
                0.94    0.00 6682843/13696266     bwt_occ4 [8]
-----------------------------------------------
                1.77    0.99 11117653/11117653     bwt_extend [6]
[7]     37.1    1.77    0.99 11117653         bwt_2occ4 [7]
                0.99    0.00 7013423/13696266     bwt_occ4 [8]
-----------------------------------------------
                0.94    0.00 6682843/13696266     bwt_extend [6]
                0.99    0.00 7013423/13696266     bwt_2occ4 [7]
[8]     26.1    1.94    0.00 13696266         bwt_occ4 [8]
-----------------------------------------------
                0.01    0.56   35218/35218       worker2 [10]
[9]      7.6    0.01    0.56   35218         mem_sam_pe [9]
                0.01    0.20   45704/45704       mem_matesw [16]
                0.01    0.17   67919/109126      mem_reg2aln [13]
                0.00    0.13   35374/35374       mem_reg2sam_se [19]
                0.02    0.00   31466/66685       mem_aln2sam [24]
                0.00    0.01   32363/68942       mem_gen_alt [30]
                0.00    0.00   16636/16636       mem_pair [38]
                0.00    0.00   38543/283499      wrap_realloc [35]
                0.00    0.00   68035/68035       mem_mark_primary_se [39]
                0.00    0.00   32857/67079       mem_approx_mapq_se [52]
                0.00    0.00   17284/317286      wrap_strdup [47]
-----------------------------------------------
                0.00    0.57   32627/32627       ktf_worker [1]
[10]     7.6    0.00    0.57   32627         worker2 [10]
                0.01    0.56   35218/35218       mem_sam_pe [9]
-----------------------------------------------
                0.01    0.43    7696/7696        mem_align1_core [3]
[11]     6.0    0.01    0.43    7696         mem_chain2aln [11]
                0.43    0.00    6033/6033        ksw_extend2 [12]
                0.00    0.00    9315/15073       bns_fetch_seq [36]
                0.00    0.00    7114/283499      wrap_realloc [35]
                0.00    0.00   11142/283390      wrap_malloc [48]
                0.00    0.00    7343/7344        ks_introsort_64 [66]
-----------------------------------------------
                0.43    0.00    6033/6033        mem_chain2aln [11]
[12]     5.8    0.43    0.00    6033         ksw_extend2 [12]
                0.00    0.00    7530/283390      wrap_malloc [48]
                0.00    0.00    6375/155683      wrap_calloc [49]
-----------------------------------------------
                0.00    0.02    7720/109126      mem_gen_alt [30]
                0.01    0.08   33487/109126      mem_reg2sam_se [19]
                0.01    0.17   67919/109126      mem_sam_pe [9]
[13]     3.9    0.02    0.27  109126         mem_reg2aln [13]
                0.02    0.25   44796/44797       bwa_gen_cigar2 [14]
                0.00    0.00    5360/283499      wrap_realloc [35]
                0.00    0.00   46331/283390      wrap_malloc [48]
                0.00    0.00   42358/89725       bns_pos2rid [51]
                0.00    0.00   34222/67079       mem_approx_mapq_se [52]
-----------------------------------------------
                0.00    0.00       1/44797       mem_patch_reg [41]
                0.02    0.25   44796/44797       mem_reg2aln [13]
[14]     3.6    0.02    0.25   44797         bwa_gen_cigar2 [14]
                0.23    0.00    3900/3900        ksw_global2 [15]
                0.01    0.00   47352/67474       bns_get_seq [31]
                0.00    0.00   59620/283499      wrap_realloc [35]
                0.00    0.00   39157/283390      wrap_malloc [48]
-----------------------------------------------
                0.23    0.00    3900/3900        bwa_gen_cigar2 [14]
[15]     3.1    0.23    0.00    3900         ksw_global2 [15]
                0.00    0.00    4063/283499      wrap_realloc [35]
                0.00    0.00    8206/283390      wrap_malloc [48]
                0.00    0.00    3977/155683      wrap_calloc [49]
-----------------------------------------------
                0.01    0.20   45704/45704       mem_sam_pe [9]
[16]     2.9    0.01    0.20   45704         mem_matesw [16]
                0.00    0.20    5767/5767        ksw_align2 [18]
                0.00    0.00    5758/15073       bns_fetch_seq [36]
                0.00    0.00     556/283499      wrap_realloc [35]
                0.00    0.00    5936/17298       mem_sort_dedup_patch [40]
                0.00    0.00    6356/283390      wrap_malloc [48]
-----------------------------------------------
                0.20    0.00    7293/7293        ksw_align2 [18]
[17]     2.7    0.20    0.00    7293         ksw_u8 [17]
                0.00    0.00    4069/283499      wrap_realloc [35]
-----------------------------------------------
                0.00    0.20    5767/5767        mem_matesw [16]
[18]     2.7    0.00    0.20    5767         ksw_align2 [18]
                0.20    0.00    7293/7293        ksw_u8 [17]
                0.00    0.00    7594/7594        ksw_qinit [65]
-----------------------------------------------
                0.00    0.13   35374/35374       mem_sam_pe [9]
[19]     1.7    0.00    0.13   35374         mem_reg2sam_se [19]
                0.01    0.08   33487/109126      mem_reg2aln [13]
                0.02    0.00   35219/66685       mem_aln2sam [24]
                0.01    0.01   36579/68942       mem_gen_alt [30]
                0.00    0.00    1758/283499      wrap_realloc [35]
-----------------------------------------------
                0.03    0.06   12552/12552       mem_chain [4]
[20]     1.2    0.03    0.06   12552         bwt_sa [20]
                0.06    0.00  473808/473808      bwt_occ [22]
-----------------------------------------------
                0.00    0.00       1/218346      bwt_restore_sa [45]
                0.00    0.00       1/218346      bwt_restore_bwt [44]
                0.08    0.00  218344/218346      bwt_smem1 [5]
[21]     1.1    0.08    0.00  218346         fread_fix [21]
                0.00    0.00       2/9           err_fread_noeof [70]
-----------------------------------------------
                0.06    0.00  473808/473808      bwt_sa [20]
[22]     0.8    0.06    0.00  473808         bwt_occ [22]
-----------------------------------------------
                                                 <spontaneous>
[23]     0.7    0.00    0.05                 main_mem [23]
                0.00    0.04       2/2           bseq_read [25]
                0.01    0.00       1/1           mem_process_seqs <cycle 1> [54]
                0.00    0.00       1/1           bwa_idx_load [42]
                0.00    0.00  100000/100000      err_fputs [50]
                0.00    0.00       1/1           mem_opt_init [96]
                0.00    0.00       1/2           bwa_fill_scmat [78]
                0.00    0.00       1/1           kopen [93]
                0.00    0.00       1/1           kseq_init [95]
                0.00    0.00       1/1           bwa_idx_destroy [86]
                0.00    0.00       1/1           kseq_destroy [94]
                0.00    0.00       1/1           kclose [92]
                0.00    0.00       1/1           err_gzclose [91]
                0.00    0.00       1/2           err_printf [81]
                0.00    0.00       1/1           bwa_print_sam_hdr [87]
-----------------------------------------------
                0.02    0.00   31466/66685       mem_sam_pe [9]
                0.02    0.00   35219/66685       mem_reg2sam_se [19]
[24]     0.6    0.04    0.00   66685         mem_aln2sam [24]
                0.00    0.00  180977/180977      kputc [37]
                0.00    0.00    1058/283499      wrap_realloc [35]
                0.00    0.00   64793/64793       kputsn [53]
                0.00    0.00   35495/35495       kputw [56]
                0.00    0.00   34782/34782       kputl [57]
-----------------------------------------------
                0.00    0.04       2/2           main_mem [23]
[25]     0.5    0.00    0.04       2         bseq_read [25]
                0.00    0.04  100002/100002      kseq_read [26]
                0.00    0.00      10/283499      wrap_realloc [35]
                0.00    0.00  300000/317286      wrap_strdup [47]
-----------------------------------------------
                0.00    0.04  100002/100002      bseq_read [25]
[26]     0.5    0.00    0.04  100002         kseq_read [26]
                0.04    0.00  300000/300000      ks_getuntil2 [27]
                0.00    0.00       1/283499      wrap_realloc [35]
                0.00    0.00      24/1971        err_gzread [69]
                0.00    0.00       1/283390      wrap_malloc [48]
-----------------------------------------------
                0.04    0.00  300000/300000      kseq_read [26]
[27]     0.5    0.04    0.00  300000         ks_getuntil2 [27]
                0.00    0.00       2/283499      wrap_realloc [35]
                0.00    0.00    1947/1971        err_gzread [69]
-----------------------------------------------
                                                 <spontaneous>
[28]     0.5    0.04    0.00                 bwt_2occ [28]
-----------------------------------------------
                                                 <spontaneous>
[29]     0.5    0.04    0.00                 bwt_match_exact_alt [29]
-----------------------------------------------
                0.00    0.01   32363/68942       mem_sam_pe [9]
                0.01    0.01   36579/68942       mem_reg2sam_se [19]
[30]     0.4    0.01    0.02   68942         mem_gen_alt [30]
                0.00    0.02    7720/109126      mem_reg2aln [13]
                0.00    0.00   10801/283499      wrap_realloc [35]
                0.00    0.00   78924/155683      wrap_calloc [49]
-----------------------------------------------
                0.01    0.00   20122/67474       bns_fetch_seq [36]
                0.01    0.00   47352/67474       bwa_gen_cigar2 [14]
[31]     0.3    0.02    0.00   67474         bns_get_seq [31]
                0.00    0.00   69008/283390      wrap_malloc [48]
-----------------------------------------------
                0.01    0.00   11672/11672       mem_align1_core [3]
[32]     0.1    0.01    0.00   11672         mem_chain_flt [32]
                0.00    0.00    7115/283499      wrap_realloc [35]
                0.00    0.00   10771/10771       mem_chain_weight [63]
                0.00    0.00    8627/8627        ks_introsort_mem_flt [64]
-----------------------------------------------
[33]     0.1    0.01    0.00       1+47955   <cycle 1 as a whole> [33]
                0.01    0.00       1             mem_pestat <cycle 1> [34]
                0.00    0.00   47955             mem_process_seqs <cycle 1> [54]
-----------------------------------------------
                                   1             mem_process_seqs <cycle 1> [54]
[34]     0.1    0.01    0.00       1         mem_pestat <cycle 1> [34]
                0.00    0.00      19/283499      wrap_realloc [35]
                0.00    0.00       1/7344        ks_introsort_64 [66]
                               47954             mem_process_seqs <cycle 1> [54]
-----------------------------------------------
                0.00    0.00       1/283499      kseq_read [26]
                0.00    0.00       2/283499      ks_getuntil2 [27]
                0.00    0.00       2/283499      ksprintf [46]
                0.00    0.00      10/283499      bseq_read [25]
                0.00    0.00      17/283499      bwt_smem1 [5]
                0.00    0.00      19/283499      mem_pestat <cycle 1> [34]
                0.00    0.00     556/283499      mem_matesw [16]
                0.00    0.00    1058/283499      mem_aln2sam [24]
                0.00    0.00    1758/283499      mem_reg2sam_se [19]
                0.00    0.00    4063/283499      ksw_global2 [15]
                0.00    0.00    4069/283499      ksw_u8 [17]
                0.00    0.00    5360/283499      mem_reg2aln [13]
                0.00    0.00    7114/283499      mem_chain2aln [11]
                0.00    0.00    7115/283499      mem_chain_flt [32]
                0.00    0.00   10801/283499      mem_gen_alt [30]
                0.00    0.00   14253/283499      mem_chain [4]
                0.00    0.00   34773/283499      mem_mark_primary_se [39]
                0.00    0.00   38543/283499      mem_sam_pe [9]
                0.00    0.00   40505/283499      mem_pair [38]
                0.00    0.00   53860/283499      kputc [37]
                0.00    0.00   59620/283499      bwa_gen_cigar2 [14]
[35]     0.1    0.01    0.00  283499         wrap_realloc [35]
-----------------------------------------------
                0.00    0.00    5758/15073       mem_matesw [16]
                0.00    0.00    9315/15073       mem_chain2aln [11]
[36]     0.1    0.00    0.01   15073         bns_fetch_seq [36]
                0.01    0.00   20122/67474       bns_get_seq [31]
                0.00    0.00   17907/89725       bns_pos2rid [51]
-----------------------------------------------
                0.00    0.00  180977/180977      mem_aln2sam [24]
[37]     0.0    0.00    0.00  180977         kputc [37]
                0.00    0.00   53860/283499      wrap_realloc [35]
-----------------------------------------------
                0.00    0.00   16636/16636       mem_sam_pe [9]
[38]     0.0    0.00    0.00   16636         mem_pair [38]
                0.00    0.00   40505/283499      wrap_realloc [35]
                0.00    0.00   32917/32917       ks_introsort_128 [58]
-----------------------------------------------
                0.00    0.00   68035/68035       mem_sam_pe [9]
[39]     0.0    0.00    0.00   68035         mem_mark_primary_se [39]
                0.00    0.00   34773/283499      wrap_realloc [35]
                0.00    0.00   36571/36571       ks_introsort_mem_ars_hash [55]
-----------------------------------------------
                0.00    0.00    5936/17298       mem_matesw [16]
                0.00    0.00   11362/17298       mem_align1_core [3]
[40]     0.0    0.00    0.00   17298         mem_sort_dedup_patch [40]
                0.00    0.00     419/419         mem_patch_reg [41]
                0.00    0.00    3841/3841        ks_introsort_mem_ars [67]
                0.00    0.00    3706/3706        ks_introsort_mem_ars2 [68]
-----------------------------------------------
                0.00    0.00     419/419         mem_sort_dedup_patch [40]
[41]     0.0    0.00    0.00     419         mem_patch_reg [41]
                0.00    0.00       1/44797       bwa_gen_cigar2 [14]
-----------------------------------------------
                0.00    0.00       1/1           main_mem [23]
[42]     0.0    0.00    0.00       1         bwa_idx_load [42]
                0.00    0.00       1/1           bwa_idx_load_bwt [43]
                0.00    0.00       2/155683      wrap_calloc [49]
                0.00    0.00       1/2           bwa_idx_infer_prefix [79]
                0.00    0.00       1/1           bns_restore [84]
                0.00    0.00       1/9           err_fread_noeof [70]
                0.00    0.00       1/5           err_fclose [74]
-----------------------------------------------
                0.00    0.00       1/1           bwa_idx_load [42]
[43]     0.0    0.00    0.00       1         bwa_idx_load_bwt [43]
                0.00    0.00       1/1           bwt_restore_bwt [44]
                0.00    0.00       1/1           bwt_restore_sa [45]
                0.00    0.00       1/2           bwa_idx_infer_prefix [79]
                0.00    0.00       1/155683      wrap_calloc [49]
-----------------------------------------------
                0.00    0.00       1/1           bwa_idx_load_bwt [43]
[44]     0.0    0.00    0.00       1         bwt_restore_bwt [44]
                0.00    0.00       1/218346      fread_fix [21]
                0.00    0.00       2/155683      wrap_calloc [49]
                0.00    0.00       2/2           err_fseek [80]
                0.00    0.00       2/9           err_fread_noeof [70]
                0.00    0.00       1/5           err_xopen_core [75]
                0.00    0.00       1/1           err_ftell [90]
                0.00    0.00       1/1           bwt_gen_cnt_table [89]
                0.00    0.00       1/5           err_fclose [74]
-----------------------------------------------
                0.00    0.00       1/1           bwa_idx_load_bwt [43]
[45]     0.0    0.00    0.00       1         bwt_restore_sa [45]
                0.00    0.00       1/218346      fread_fix [21]
                0.00    0.00       4/9           err_fread_noeof [70]
                0.00    0.00       1/5           err_xopen_core [75]
                0.00    0.00       1/155683      wrap_calloc [49]
                0.00    0.00       1/5           err_fclose [74]
-----------------------------------------------
                                                 <spontaneous>
[46]     0.0    0.00    0.00                 ksprintf [46]
                0.00    0.00       2/283499      wrap_realloc [35]
-----------------------------------------------
                0.00    0.00       2/317286      bns_restore_core [85]
                0.00    0.00   17284/317286      mem_sam_pe [9]
                0.00    0.00  300000/317286      bseq_read [25]
[47]     0.0    0.00    0.00  317286         wrap_strdup [47]
-----------------------------------------------
                0.00    0.00       1/283390      kseq_init [95]
                0.00    0.00       1/283390      kseq_read [26]
                0.00    0.00       2/283390      bwa_idx_infer_prefix [79]
                0.00    0.00       2/283390      mem_process_seqs <cycle 1> [54]
                0.00    0.00    2610/283390      ks_introsort_mem_ars [67]
                0.00    0.00    2783/283390      ks_introsort_mem_ars2 [68]
                0.00    0.00    6356/283390      mem_matesw [16]
                0.00    0.00    7530/283390      ksw_extend2 [12]
                0.00    0.00    8130/283390      ksw_qinit [65]
                0.00    0.00    8206/283390      ksw_global2 [15]
                0.00    0.00    8280/283390      ks_introsort_mem_intv [59]
                0.00    0.00    8880/283390      ks_introsort_mem_flt [64]
                0.00    0.00    9883/283390      ks_introsort_64 [66]
                0.00    0.00   11142/283390      mem_chain2aln [11]
                0.00    0.00   19951/283390      ks_introsort_128 [58]
                0.00    0.00   35137/283390      ks_introsort_mem_ars_hash [55]
                0.00    0.00   39157/283390      bwa_gen_cigar2 [14]
                0.00    0.00   46331/283390      mem_reg2aln [13]
                0.00    0.00   69008/283390      bns_get_seq [31]
[48]     0.0    0.00    0.00  283390         wrap_malloc [48]
-----------------------------------------------
                0.00    0.00       1/155683      kopen [93]
                0.00    0.00       1/155683      bwt_restore_sa [45]
                0.00    0.00       1/155683      bwa_idx_load_bwt [43]
                0.00    0.00       1/155683      mem_opt_init [96]
                0.00    0.00       2/155683      kseq_init [95]
                0.00    0.00       2/155683      bwt_restore_bwt [44]
                0.00    0.00       2/155683      bns_restore_core [85]
                0.00    0.00       2/155683      bwa_idx_load [42]
                0.00    0.00      12/155683      smem_aux_init [77]
                0.00    0.00      16/155683      __kb_split_chn [321]
                0.00    0.00    3977/155683      ksw_global2 [15]
                0.00    0.00    6375/155683      ksw_extend2 [12]
                0.00    0.00   31280/155683      kb_init_chn [60]
                0.00    0.00   35087/155683      mem_chain [4]
                0.00    0.00   78924/155683      mem_gen_alt [30]
[49]     0.0    0.00    0.00  155683         wrap_calloc [49]
-----------------------------------------------
                0.00    0.00  100000/100000      main_mem [23]
[50]     0.0    0.00    0.00  100000         err_fputs [50]
-----------------------------------------------
                0.00    0.00   17907/89725       bns_fetch_seq [36]
                0.00    0.00   29460/89725       bns_intv2rid [62]
                0.00    0.00   42358/89725       mem_reg2aln [13]
[51]     0.0    0.00    0.00   89725         bns_pos2rid [51]
-----------------------------------------------
                0.00    0.00   32857/67079       mem_sam_pe [9]
                0.00    0.00   34222/67079       mem_reg2aln [13]
[52]     0.0    0.00    0.00   67079         mem_approx_mapq_se [52]
-----------------------------------------------
                0.00    0.00   64793/64793       mem_aln2sam [24]
[53]     0.0    0.00    0.00   64793         kputsn [53]
-----------------------------------------------
                               47954             mem_pestat <cycle 1> [34]
                0.01    0.00       1/1           main_mem [23]
[54]     0.0    0.00    0.00   47955         mem_process_seqs <cycle 1> [54]
                0.00    0.00       7/7           cputime [71]
                0.00    0.00       7/7           realtime [72]
                0.00    0.00       4/4           smem_aux_init [77]
                0.00    0.00       4/4           smem_aux_destroy [76]
                0.00    0.00       2/283390      wrap_malloc [48]
                0.00    0.00       2/2           kt_for [82]
                                   1             mem_pestat <cycle 1> [34]
-----------------------------------------------
                0.00    0.00   36571/36571       mem_mark_primary_se [39]
[55]     0.0    0.00    0.00   36571         ks_introsort_mem_ars_hash [55]
                0.00    0.00   35137/283390      wrap_malloc [48]
-----------------------------------------------
                0.00    0.00   35495/35495       mem_aln2sam [24]
[56]     0.0    0.00    0.00   35495         kputw [56]
-----------------------------------------------
                0.00    0.00   34782/34782       mem_aln2sam [24]
[57]     0.0    0.00    0.00   34782         kputl [57]
-----------------------------------------------
                0.00    0.00   32917/32917       mem_pair [38]
[58]     0.0    0.00    0.00   32917         ks_introsort_128 [58]
                0.00    0.00   19951/283390      wrap_malloc [48]
-----------------------------------------------
                0.00    0.00   12733/12733       mem_chain [4]
[59]     0.0    0.00    0.00   12733         ks_introsort_mem_intv [59]
                0.00    0.00    8280/283390      wrap_malloc [48]
                0.00    0.00       6/6           ks_combsort_mem_intv [73]
-----------------------------------------------
                0.00    0.00   12414/12414       mem_chain [4]
[60]     0.0    0.00    0.00   12414         kb_init_chn [60]
                0.00    0.00   31280/155683      wrap_calloc [49]
-----------------------------------------------
                0.00    0.00   12103/12103       mem_align1_core [3]
[61]     0.0    0.00    0.00   12103         mem_flt_chained_seeds [61]
-----------------------------------------------
                0.00    0.00   11834/11834       mem_chain [4]
[62]     0.0    0.00    0.00   11834         bns_intv2rid [62]
                0.00    0.00   29460/89725       bns_pos2rid [51]
-----------------------------------------------
                0.00    0.00   10771/10771       mem_chain_flt [32]
[63]     0.0    0.00    0.00   10771         mem_chain_weight [63]
-----------------------------------------------
                0.00    0.00    8627/8627        mem_chain_flt [32]
[64]     0.0    0.00    0.00    8627         ks_introsort_mem_flt [64]
                0.00    0.00    8880/283390      wrap_malloc [48]
-----------------------------------------------
                0.00    0.00    7594/7594        ksw_align2 [18]
[65]     0.0    0.00    0.00    7594         ksw_qinit [65]
                0.00    0.00    8130/283390      wrap_malloc [48]
-----------------------------------------------
                0.00    0.00       1/7344        mem_pestat <cycle 1> [34]
                0.00    0.00    7343/7344        mem_chain2aln [11]
[66]     0.0    0.00    0.00    7344         ks_introsort_64 [66]
                0.00    0.00    9883/283390      wrap_malloc [48]
-----------------------------------------------
                0.00    0.00    3841/3841        mem_sort_dedup_patch [40]
[67]     0.0    0.00    0.00    3841         ks_introsort_mem_ars [67]
                0.00    0.00    2610/283390      wrap_malloc [48]
-----------------------------------------------
                0.00    0.00    3706/3706        mem_sort_dedup_patch [40]
[68]     0.0    0.00    0.00    3706         ks_introsort_mem_ars2 [68]
                0.00    0.00    2783/283390      wrap_malloc [48]
-----------------------------------------------
                0.00    0.00      24/1971        kseq_read [26]
                0.00    0.00    1947/1971        ks_getuntil2 [27]
[69]     0.0    0.00    0.00    1971         err_gzread [69]
-----------------------------------------------
                0.00    0.00       1/9           bwa_idx_load [42]
                0.00    0.00       2/9           fread_fix [21]
                0.00    0.00       2/9           bwt_restore_bwt [44]
                0.00    0.00       4/9           bwt_restore_sa [45]
[70]     0.0    0.00    0.00       9         err_fread_noeof [70]
-----------------------------------------------
                0.00    0.00       7/7           mem_process_seqs <cycle 1> [54]
[71]     0.0    0.00    0.00       7         cputime [71]
-----------------------------------------------
                0.00    0.00       7/7           mem_process_seqs <cycle 1> [54]
[72]     0.0    0.00    0.00       7         realtime [72]
-----------------------------------------------
                0.00    0.00       6/6           ks_introsort_mem_intv [59]
[73]     0.0    0.00    0.00       6         ks_combsort_mem_intv [73]
-----------------------------------------------
                0.00    0.00       1/5           bwt_restore_sa [45]
                0.00    0.00       1/5           bwt_restore_bwt [44]
                0.00    0.00       1/5           bwa_idx_load [42]
                0.00    0.00       2/5           bns_restore_core [85]
[74]     0.0    0.00    0.00       5         err_fclose [74]
-----------------------------------------------
                0.00    0.00       1/5           bwt_restore_sa [45]
                0.00    0.00       1/5           bwt_restore_bwt [44]
                0.00    0.00       3/5           bns_restore_core [85]
[75]     0.0    0.00    0.00       5         err_xopen_core [75]
-----------------------------------------------
                0.00    0.00       4/4           mem_process_seqs <cycle 1> [54]
[76]     0.0    0.00    0.00       4         smem_aux_destroy [76]
-----------------------------------------------
                0.00    0.00       4/4           mem_process_seqs <cycle 1> [54]
[77]     0.0    0.00    0.00       4         smem_aux_init [77]
                0.00    0.00      12/155683      wrap_calloc [49]
-----------------------------------------------
                0.00    0.00       1/2           main_mem [23]
                0.00    0.00       1/2           mem_opt_init [96]
[78]     0.0    0.00    0.00       2         bwa_fill_scmat [78]
-----------------------------------------------
                0.00    0.00       1/2           bwa_idx_load_bwt [43]
                0.00    0.00       1/2           bwa_idx_load [42]
[79]     0.0    0.00    0.00       2         bwa_idx_infer_prefix [79]
                0.00    0.00       2/283390      wrap_malloc [48]
-----------------------------------------------
                0.00    0.00       2/2           bwt_restore_bwt [44]
[80]     0.0    0.00    0.00       2         err_fseek [80]
-----------------------------------------------
                0.00    0.00       1/2           main_mem [23]
                0.00    0.00       1/2           bwa_print_sam_hdr [87]
[81]     0.0    0.00    0.00       2         err_printf [81]
-----------------------------------------------
                0.00    0.00       2/2           mem_process_seqs <cycle 1> [54]
[82]     0.0    0.00    0.00       2         kt_for [82]
-----------------------------------------------
                0.00    0.00       1/1           bwa_idx_destroy [86]
[83]     0.0    0.00    0.00       1         bns_destroy [83]
-----------------------------------------------
                0.00    0.00       1/1           bwa_idx_load [42]
[84]     0.0    0.00    0.00       1         bns_restore [84]
                0.00    0.00       1/1           bns_restore_core [85]
-----------------------------------------------
                0.00    0.00       1/1           bns_restore [84]
[85]     0.0    0.00    0.00       1         bns_restore_core [85]
                0.00    0.00       3/5           err_xopen_core [75]
                0.00    0.00       2/155683      wrap_calloc [49]
                0.00    0.00       2/317286      wrap_strdup [47]
                0.00    0.00       2/5           err_fclose [74]
-----------------------------------------------
                0.00    0.00       1/1           main_mem [23]
[86]     0.0    0.00    0.00       1         bwa_idx_destroy [86]
                0.00    0.00       1/1           bwt_destroy [88]
                0.00    0.00       1/1           bns_destroy [83]
-----------------------------------------------
                0.00    0.00       1/1           main_mem [23]
[87]     0.0    0.00    0.00       1         bwa_print_sam_hdr [87]
                0.00    0.00       1/2           err_printf [81]
-----------------------------------------------
                0.00    0.00       1/1           bwa_idx_destroy [86]
[88]     0.0    0.00    0.00       1         bwt_destroy [88]
-----------------------------------------------
                0.00    0.00       1/1           bwt_restore_bwt [44]
[89]     0.0    0.00    0.00       1         bwt_gen_cnt_table [89]
-----------------------------------------------
                0.00    0.00       1/1           bwt_restore_bwt [44]
[90]     0.0    0.00    0.00       1         err_ftell [90]
-----------------------------------------------
                0.00    0.00       1/1           main_mem [23]
[91]     0.0    0.00    0.00       1         err_gzclose [91]
-----------------------------------------------
                0.00    0.00       1/1           main_mem [23]
[92]     0.0    0.00    0.00       1         kclose [92]
-----------------------------------------------
                0.00    0.00       1/1           main_mem [23]
[93]     0.0    0.00    0.00       1         kopen [93]
                0.00    0.00       1/155683      wrap_calloc [49]
-----------------------------------------------
                0.00    0.00       1/1           main_mem [23]
[94]     0.0    0.00    0.00       1         kseq_destroy [94]
-----------------------------------------------
                0.00    0.00       1/1           main_mem [23]
[95]     0.0    0.00    0.00       1         kseq_init [95]
                0.00    0.00       2/155683      wrap_calloc [49]
                0.00    0.00       1/283390      wrap_malloc [48]
-----------------------------------------------
                0.00    0.00       1/1           main_mem [23]
[96]     0.0    0.00    0.00       1         mem_opt_init [96]
                0.00    0.00       1/155683      wrap_calloc [49]
                0.00    0.00       1/2           bwa_fill_scmat [78]
-----------------------------------------------
                0.00    0.00      14/14          mem_chain [4]
[321]    0.0    0.00    0.00      14         __kb_split_chn [321]
                0.00    0.00      16/155683      wrap_calloc [49]
-----------------------------------------------

 This table describes the call tree of the program, and was sorted by
 the total amount of time spent in each function and its children.

 Each entry in this table consists of several lines.  The line with the
 index number at the left hand margin lists the current function.
 The lines above it list the functions that called this function,
 and the lines below it list the functions this one called.
 This line lists:
     index	A unique number given to each element of the table.
		Index numbers are sorted numerically.
		The index number is printed next to every function name so
		it is easier to look up where the function in the table.

     % time	This is the percentage of the `total' time that was spent
		in this function and its children.  Note that due to
		different viewpoints, functions excluded by options, etc,
		these numbers will NOT add up to 100%.

     self	This is the total amount of time spent in this function.

     children	This is the total amount of time propagated into this
		function by its children.

     called	This is the number of times the function was called.
		If the function called itself recursively, the number
		only includes non-recursive calls, and is followed by
		a `+' and the number of recursive calls.

     name	The name of the current function.  The index number is
		printed after it.  If the function is a member of a
		cycle, the cycle number is printed between the
		function's name and the index number.


 For the function's parents, the fields have the following meanings:

     self	This is the amount of time that was propagated directly
		from the function into this parent.

     children	This is the amount of time that was propagated from
		the function's children into this parent.

     called	This is the number of times this parent called the
		function `/' the total number of times the function
		was called.  Recursive calls to the function are not
		included in the number after the `/'.

     name	This is the name of the parent.  The parent's index
		number is printed after it.  If the parent is a
		member of a cycle, the cycle number is printed between
		the name and the index number.

 If the parents of the function cannot be determined, the word
 `<spontaneous>' is printed in the `name' field, and all the other
 fields are blank.

 For the function's children, the fields have the following meanings:

     self	This is the amount of time that was propagated directly
		from the child into the function.

     children	This is the amount of time that was propagated from the
		child's children to the function.

     called	This is the number of times the function called
		this child `/' the total number of times the child
		was called.  Recursive calls by the child are not
		listed in the number after the `/'.

     name	This is the name of the child.  The child's index
		number is printed after it.  If the child is a
		member of a cycle, the cycle number is printed
		between the name and the index number.

 If there are any cycles (circles) in the call graph, there is an
 entry for the cycle-as-a-whole.  This entry shows who called the
 cycle (as parents) and the members of the cycle (as children.)
 The `+' recursive calls entry shows the number of function calls that
 were internal to the cycle, and the calls entry for each member shows,
 for that member, how many times it was called from other members of
 the cycle.


Index by function name

 [321] __kb_split_chn (bwamem.c) [80] err_fseek            [3] mem_align1_core
  [83] bns_destroy            [90] err_ftell              [24] mem_aln2sam
  [36] bns_fetch_seq          [91] err_gzclose            [52] mem_approx_mapq_se
  [31] bns_get_seq            [69] err_gzread              [4] mem_chain
  [62] bns_intv2rid           [81] err_printf             [11] mem_chain2aln
  [51] bns_pos2rid            [75] err_xopen_core         [32] mem_chain_flt
  [84] bns_restore            [21] fread_fix (bwt.c)      [63] mem_chain_weight
  [85] bns_restore_core       [60] kb_init_chn            [61] mem_flt_chained_seeds
  [25] bseq_read              [92] kclose                 [30] mem_gen_alt
  [78] bwa_fill_scmat         [93] kopen                  [39] mem_mark_primary_se
  [14] bwa_gen_cigar2         [37] kputc (kstring.h)      [16] mem_matesw
  [86] bwa_idx_destroy        [57] kputl (kstring.h)      [96] mem_opt_init
  [79] bwa_idx_infer_prefix   [53] kputsn (kstring.h)     [38] mem_pair
  [42] bwa_idx_load           [56] kputw (kstring.h)      [41] mem_patch_reg
  [43] bwa_idx_load_bwt       [73] ks_combsort_mem_intv   [34] mem_pestat
  [87] bwa_print_sam_hdr      [27] ks_getuntil2 (utils.c) [54] mem_process_seqs
  [28] bwt_2occ               [58] ks_introsort_128       [13] mem_reg2aln
   [7] bwt_2occ4              [66] ks_introsort_64        [19] mem_reg2sam_se
  [88] bwt_destroy            [67] ks_introsort_mem_ars    [9] mem_sam_pe
   [6] bwt_extend             [68] ks_introsort_mem_ars2  [40] mem_sort_dedup_patch
  [89] bwt_gen_cnt_table      [55] ks_introsort_mem_ars_hash [72] realtime
  [29] bwt_match_exact_alt    [64] ks_introsort_mem_flt   [76] smem_aux_destroy (bwamem.c)
  [22] bwt_occ                [59] ks_introsort_mem_intv  [77] smem_aux_init (bwamem.c)
   [8] bwt_occ4               [94] kseq_destroy            [2] worker1 (bwamem.c)
  [44] bwt_restore_bwt        [95] kseq_init              [10] worker2 (bwamem.c)
  [45] bwt_restore_sa         [26] kseq_read              [49] wrap_calloc
  [20] bwt_sa                 [18] ksw_align2             [48] wrap_malloc
   [5] bwt_smem1              [12] ksw_extend2            [35] wrap_realloc
  [71] cputime                [15] ksw_global2            [47] wrap_strdup
  [74] err_fclose             [65] ksw_qinit              [33] <cycle 1>
  [50] err_fputs              [17] ksw_u8
  [70] err_fread_noeof        [82] kt_for
