Flat profile:

Each sample counts as 0.01 seconds.
  %   cumulative   self              self     total           
 time   seconds   seconds    calls  ms/call  ms/call  name    
 25.44      1.75     1.75 14066193     0.00     0.00  bwt_occ4
 23.84      3.39     1.64 10970486     0.00     0.00  bwt_2occ4
 16.28      4.51     1.12   105754     0.01     0.05  bwt_smem1
 15.63      5.59     1.08 10107768     0.00     0.00  bwt_extend
  4.80      5.92     0.33     6188     0.05     0.05  ksw_extend2
  2.47      6.09     0.17     3948     0.04     0.04  ksw_global2
  2.33      6.25     0.16     7278     0.02     0.02  ksw_u8
  1.16      6.33     0.08     9500     0.01     0.62  mem_chain
  1.02      6.40     0.07   487474     0.00     0.00  bwt_occ
  1.02      6.47     0.07   207078     0.00     0.00  fread_fix
  0.87      6.53     0.06    66594     0.00     0.00  mem_aln2sam
  0.87      6.59     0.06    12808     0.00     0.01  bwt_sa
  0.58      6.63     0.04    67015     0.00     0.00  bns_get_seq
  0.58      6.67     0.04    13150     0.00     0.48  mem_align1_core
  0.44      6.70     0.03    44348     0.00     0.01  bwa_gen_cigar2
  0.44      6.73     0.03                             bwt_2occ
  0.36      6.75     0.03                             bwt_match_exact_alt
  0.29      6.77     0.02   300000     0.00     0.00  ks_getuntil2
  0.29      6.79     0.02     8158     0.00     0.05  mem_chain2aln
  0.29      6.81     0.02     7603     0.00     0.00  ksw_qinit
  0.15      6.82     0.01   317410     0.00     0.00  wrap_strdup
  0.15      6.83     0.01   109146     0.00     0.00  mem_reg2aln
  0.15      6.84     0.01   100002     0.00     0.00  kseq_read
  0.15      6.85     0.01    68874     0.00     0.00  mem_gen_alt
  0.15      6.86     0.01    15034     0.00     0.00  bns_fetch_seq
  0.15      6.87     0.01     8018     0.00     0.00  ks_introsort_64
  0.15      6.88     0.01     5048     0.00     1.25  worker1
  0.00      6.88     0.00   284391     0.00     0.00  wrap_malloc
  0.00      6.88     0.00   282181     0.00     0.00  wrap_realloc
  0.00      6.88     0.00   180039     0.00     0.00  kputc
  0.00      6.88     0.00   156553     0.00     0.00  wrap_calloc
  0.00      6.88     0.00   100000     0.00     0.00  err_fputs
  0.00      6.88     0.00    89733     0.00     0.00  bns_pos2rid
  0.00      6.88     0.00    67854     0.00     0.00  mem_mark_primary_se
  0.00      6.88     0.00    66289     0.00     0.00  mem_approx_mapq_se
  0.00      6.88     0.00    64562     0.00     0.00  kputsn
  0.00      6.88     0.00    47955     0.00     0.00  mem_process_seqs
  0.00      6.88     0.00    45300     0.00     0.00  mem_matesw
  0.00      6.88     0.00    36473     0.00     0.00  ks_introsort_mem_ars_hash
  0.00      6.88     0.00    35319     0.00     0.00  mem_reg2sam_se
  0.00      6.88     0.00    35302     0.00     0.01  mem_sam_pe
  0.00      6.88     0.00    34401     0.00     0.00  kputl
  0.00      6.88     0.00    34315     0.00     0.00  kputw
  0.00      6.88     0.00    32594     0.00     0.00  ks_introsort_128
  0.00      6.88     0.00    32106     0.00     0.02  worker2
  0.00      6.88     0.00    17773     0.00     0.00  mem_sort_dedup_patch
  0.00      6.88     0.00    16602     0.00     0.00  mem_pair
  0.00      6.88     0.00    12657     0.00     0.00  kb_init_chn
  0.00      6.88     0.00    12612     0.00     0.00  mem_flt_chained_seeds
  0.00      6.88     0.00    12574     0.00     0.00  ks_introsort_mem_intv
  0.00      6.88     0.00    12067     0.00     0.00  mem_chain_flt
  0.00      6.88     0.00    12059     0.00     0.00  bns_intv2rid
  0.00      6.88     0.00    11058     0.00     0.00  mem_chain_weight
  0.00      6.88     0.00     8905     0.00     0.00  ks_introsort_mem_flt
  0.00      6.88     0.00     5879     0.00     0.03  ksw_align2
  0.00      6.88     0.00     3889     0.00     0.00  ks_introsort_mem_ars2
  0.00      6.88     0.00     3887     0.00     0.00  ks_introsort_mem_ars
  0.00      6.88     0.00     1971     0.00     0.00  err_gzread
  0.00      6.88     0.00      435     0.00     0.00  mem_patch_reg
  0.00      6.88     0.00       10     0.00     0.00  __kb_split_chn
  0.00      6.88     0.00        9     0.00     0.00  err_fread_noeof
  0.00      6.88     0.00        7     0.00     0.00  cputime
  0.00      6.88     0.00        7     0.00     0.00  realtime
  0.00      6.88     0.00        5     0.00     0.00  err_fclose
  0.00      6.88     0.00        5     0.00     0.00  err_xopen_core
  0.00      6.88     0.00        4     0.00     0.00  smem_aux_destroy
  0.00      6.88     0.00        4     0.00     0.00  smem_aux_init
  0.00      6.88     0.00        3     0.00     0.00  ks_combsort_mem_intv
  0.00      6.88     0.00        2     0.00    19.73  bseq_read
  0.00      6.88     0.00        2     0.00     0.00  bwa_fill_scmat
  0.00      6.88     0.00        2     0.00     0.00  bwa_idx_infer_prefix
  0.00      6.88     0.00        2     0.00     0.00  err_fseek
  0.00      6.88     0.00        2     0.00     0.00  err_printf
  0.00      6.88     0.00        2     0.00     0.00  kt_for
  0.00      6.88     0.00        1     0.00     0.00  bns_destroy
  0.00      6.88     0.00        1     0.00     0.00  bns_restore
  0.00      6.88     0.00        1     0.00     0.00  bns_restore_core
  0.00      6.88     0.00        1     0.00     0.00  bwa_idx_destroy
  0.00      6.88     0.00        1     0.00     0.00  bwa_idx_load
  0.00      6.88     0.00        1     0.00     0.00  bwa_idx_load_bwt
  0.00      6.88     0.00        1     0.00     0.00  bwa_print_sam_hdr
  0.00      6.88     0.00        1     0.00     0.00  bwt_destroy
  0.00      6.88     0.00        1     0.00     0.00  bwt_gen_cnt_table
  0.00      6.88     0.00        1     0.00     0.00  bwt_restore_bwt
  0.00      6.88     0.00        1     0.00     0.00  bwt_restore_sa
  0.00      6.88     0.00        1     0.00     0.00  err_ftell
  0.00      6.88     0.00        1     0.00     0.00  err_gzclose
  0.00      6.88     0.00        1     0.00     0.00  kclose
  0.00      6.88     0.00        1     0.00     0.00  kopen
  0.00      6.88     0.00        1     0.00     0.00  kseq_destroy
  0.00      6.88     0.00        1     0.00     0.00  kseq_init
  0.00      6.88     0.00        1     0.00     0.00  mem_opt_init
  0.00      6.88     0.00        1     0.00     0.00  mem_pestat

 %         the percentage of the total running time of the
time       program used by this function.

cumulative a running sum of the number of seconds accounted
 seconds   for by this function and those listed above it.

 self      the number of seconds accounted for by this
seconds    function alone.  This is the major sort for this
           listing.

calls      the number of times this function was invoked, if
           this function is profiled, else blank.
 
 self      the average number of milliseconds spent in this
ms/call    function per call, if this function is profiled,
	   else blank.

 total     the average number of milliseconds spent in this
ms/call    function and its descendents per call, if this 
	   function is profiled, else blank.

name       the name of the function.  This is the minor sort
           for this listing. The index shows the location of
	   the function in the gprof listing. If the index is
	   in parenthesis it shows where it would appear in
	   the gprof listing if it were to be printed.

		     Call graph (explanation follows)


granularity: each sample hit covers 2 byte(s) for 0.15% of 6.88 seconds

index % time    self  children    called     name
                                                 <spontaneous>
[1]     98.6    0.00    6.79                 ktf_worker [1]
                0.01    6.28    5048/5048        worker1 [2]
                0.00    0.50   32106/32106       worker2 [10]
-----------------------------------------------
                0.01    6.28    5048/5048        ktf_worker [1]
[2]     91.4    0.01    6.28    5048         worker1 [2]
                0.04    6.24   13150/13150       mem_align1_core [3]
-----------------------------------------------
                0.04    6.24   13150/13150       worker1 [2]
[3]     91.3    0.04    6.24   13150         mem_align1_core [3]
                0.08    5.79    9500/9500        mem_chain [4]
                0.02    0.35    8158/8158        mem_chain2aln [11]
                0.00    0.00   11805/17773       mem_sort_dedup_patch [36]
                0.00    0.00   12612/12612       mem_flt_chained_seeds [62]
                0.00    0.00   12067/12067       mem_chain_flt [64]
-----------------------------------------------
                0.08    5.79    9500/9500        mem_align1_core [3]
[4]     85.2    0.08    5.79    9500         mem_chain [4]
                1.12    4.54  105754/105754      bwt_smem1 [5]
                0.06    0.07   12808/12808       bwt_sa [19]
                0.00    0.00   35872/156553      wrap_calloc [49]
                0.00    0.00   14466/282181      wrap_realloc [47]
                0.00    0.00   12657/12657       kb_init_chn [61]
                0.00    0.00   12574/12574       ks_introsort_mem_intv [63]
                0.00    0.00   12059/12059       bns_intv2rid [65]
                0.00    0.00      10/10          __kb_split_chn [321]
-----------------------------------------------
                1.12    4.54  105754/105754      mem_chain [4]
[5]     82.2    1.12    4.54  105754         bwt_smem1 [5]
                1.08    3.39 10107768/10107768     bwt_extend [6]
                0.07    0.00  207076/207078      fread_fix [22]
                0.00    0.00      20/282181      wrap_realloc [47]
-----------------------------------------------
                1.08    3.39 10107768/10107768     bwt_smem1 [5]
[6]     64.9    1.08    3.39 10107768         bwt_extend [6]
                1.64    0.87 10970486/10970486     bwt_2occ4 [7]
                0.88    0.00 7068109/14066193     bwt_occ4 [8]
-----------------------------------------------
                1.64    0.87 10970486/10970486     bwt_extend [6]
[7]     36.5    1.64    0.87 10970486         bwt_2occ4 [7]
                0.87    0.00 6998084/14066193     bwt_occ4 [8]
-----------------------------------------------
                0.87    0.00 6998084/14066193     bwt_2occ4 [7]
                0.88    0.00 7068109/14066193     bwt_extend [6]
[8]     25.4    1.75    0.00 14066193         bwt_occ4 [8]
-----------------------------------------------
                0.00    0.50   35302/35302       worker2 [10]
[9]      7.2    0.00    0.50   35302         mem_sam_pe [9]
                0.00    0.19   45300/45300       mem_matesw [15]
                0.01    0.14   67970/109146      mem_reg2aln [13]
                0.00    0.12   35319/35319       mem_reg2sam_se [20]
                0.03    0.00   31267/66594       mem_aln2sam [23]
                0.00    0.01   32205/68874       mem_gen_alt [29]
                0.00    0.00   17408/317410      wrap_strdup [35]
                0.00    0.00   67854/67854       mem_mark_primary_se [52]
                0.00    0.00   37781/282181      wrap_realloc [47]
                0.00    0.00   32374/66289       mem_approx_mapq_se [53]
                0.00    0.00   16602/16602       mem_pair [60]
-----------------------------------------------
                0.00    0.50   32106/32106       ktf_worker [1]
[10]     7.2    0.00    0.50   32106         worker2 [10]
                0.00    0.50   35302/35302       mem_sam_pe [9]
-----------------------------------------------
                0.02    0.35    8158/8158        mem_align1_core [3]
[11]     5.4    0.02    0.35    8158         mem_chain2aln [11]
                0.33    0.00    6188/6188        ksw_extend2 [12]
                0.01    0.01    9224/15034       bns_fetch_seq [31]
                0.01    0.00    8017/8018        ks_introsort_64 [34]
                0.00    0.00   11653/284391      wrap_malloc [46]
                0.00    0.00    7356/282181      wrap_realloc [47]
-----------------------------------------------
                0.33    0.00    6188/6188        mem_chain2aln [11]
[12]     4.8    0.33    0.00    6188         ksw_extend2 [12]
                0.00    0.00    7699/284391      wrap_malloc [46]
                0.00    0.00    6416/156553      wrap_calloc [49]
-----------------------------------------------
                0.00    0.02    7611/109146      mem_gen_alt [29]
                0.00    0.07   33565/109146      mem_reg2sam_se [20]
                0.01    0.14   67970/109146      mem_sam_pe [9]
[13]     3.5    0.01    0.23  109146         mem_reg2aln [13]
                0.03    0.20   44347/44348       bwa_gen_cigar2 [14]
                0.00    0.00   46048/284391      wrap_malloc [46]
                0.00    0.00   42172/89733       bns_pos2rid [51]
                0.00    0.00   33915/66289       mem_approx_mapq_se [53]
                0.00    0.00    5237/282181      wrap_realloc [47]
-----------------------------------------------
                0.00    0.00       1/44348       mem_patch_reg [37]
                0.03    0.20   44347/44348       mem_reg2aln [13]
[14]     3.3    0.03    0.20   44348         bwa_gen_cigar2 [14]
                0.17    0.00    3948/3948        ksw_global2 [17]
                0.03    0.00   47290/67015       bns_get_seq [24]
                0.00    0.00   59625/282181      wrap_realloc [47]
                0.00    0.00   39163/284391      wrap_malloc [46]
-----------------------------------------------
                0.00    0.19   45300/45300       mem_sam_pe [9]
[15]     2.7    0.00    0.19   45300         mem_matesw [15]
                0.00    0.18    5879/5879        ksw_align2 [16]
                0.00    0.00    5810/15034       bns_fetch_seq [31]
                0.00    0.00    5968/17773       mem_sort_dedup_patch [36]
                0.00    0.00    6395/284391      wrap_malloc [46]
                0.00    0.00     566/282181      wrap_realloc [47]
-----------------------------------------------
                0.00    0.18    5879/5879        mem_matesw [15]
[16]     2.6    0.00    0.18    5879         ksw_align2 [16]
                0.16    0.00    7278/7278        ksw_u8 [18]
                0.02    0.00    7603/7603        ksw_qinit [33]
-----------------------------------------------
                0.17    0.00    3948/3948        bwa_gen_cigar2 [14]
[17]     2.5    0.17    0.00    3948         ksw_global2 [17]
                0.00    0.00    8340/284391      wrap_malloc [46]
                0.00    0.00    4145/282181      wrap_realloc [47]
                0.00    0.00    4014/156553      wrap_calloc [49]
-----------------------------------------------
                0.16    0.00    7278/7278        ksw_align2 [16]
[18]     2.3    0.16    0.00    7278         ksw_u8 [18]
                0.00    0.00    4132/282181      wrap_realloc [47]
-----------------------------------------------
                0.06    0.07   12808/12808       mem_chain [4]
[19]     1.9    0.06    0.07   12808         bwt_sa [19]
                0.07    0.00  487474/487474      bwt_occ [21]
-----------------------------------------------
                0.00    0.12   35319/35319       mem_sam_pe [9]
[20]     1.7    0.00    0.12   35319         mem_reg2sam_se [20]
                0.00    0.07   33565/109146      mem_reg2aln [13]
                0.03    0.00   35327/66594       mem_aln2sam [23]
                0.01    0.01   36669/68874       mem_gen_alt [29]
                0.00    0.00    1693/282181      wrap_realloc [47]
-----------------------------------------------
                0.07    0.00  487474/487474      bwt_sa [19]
[21]     1.0    0.07    0.00  487474         bwt_occ [21]
-----------------------------------------------
                0.00    0.00       1/207078      bwt_restore_sa [43]
                0.00    0.00       1/207078      bwt_restore_bwt [42]
                0.07    0.00  207076/207078      bwt_smem1 [5]
[22]     1.0    0.07    0.00  207078         fread_fix [22]
                0.00    0.00       2/9           err_fread_noeof [71]
-----------------------------------------------
                0.03    0.00   31267/66594       mem_sam_pe [9]
                0.03    0.00   35327/66594       mem_reg2sam_se [20]
[23]     0.9    0.06    0.00   66594         mem_aln2sam [23]
                0.00    0.00  180039/180039      kputc [48]
                0.00    0.00   64562/64562       kputsn [54]
                0.00    0.00   34401/34401       kputl [57]
                0.00    0.00   34315/34315       kputw [58]
                0.00    0.00    1064/282181      wrap_realloc [47]
-----------------------------------------------
                0.01    0.00   19725/67015       bns_fetch_seq [31]
                0.03    0.00   47290/67015       bwa_gen_cigar2 [14]
[24]     0.6    0.04    0.00   67015         bns_get_seq [24]
                0.00    0.00   69633/284391      wrap_malloc [46]
-----------------------------------------------
                                                 <spontaneous>
[25]     0.6    0.00    0.04                 main_mem [25]
                0.00    0.04       2/2           bseq_read [26]
                0.00    0.00       1/1           mem_process_seqs <cycle 1> [55]
                0.00    0.00       1/1           bwa_idx_load [40]
                0.00    0.00  100000/100000      err_fputs [50]
                0.00    0.00       1/1           mem_opt_init [95]
                0.00    0.00       1/2           bwa_fill_scmat [79]
                0.00    0.00       1/1           kopen [92]
                0.00    0.00       1/1           kseq_init [94]
                0.00    0.00       1/1           bwa_idx_destroy [85]
                0.00    0.00       1/1           kseq_destroy [93]
                0.00    0.00       1/1           kclose [91]
                0.00    0.00       1/1           err_gzclose [90]
                0.00    0.00       1/2           err_printf [82]
                0.00    0.00       1/1           bwa_print_sam_hdr [86]
-----------------------------------------------
                0.00    0.04       2/2           main_mem [25]
[26]     0.6    0.00    0.04       2         bseq_read [26]
                0.01    0.02  100002/100002      kseq_read [27]
                0.01    0.00  300000/317410      wrap_strdup [35]
                0.00    0.00      10/282181      wrap_realloc [47]
-----------------------------------------------
                0.01    0.02  100002/100002      bseq_read [26]
[27]     0.4    0.01    0.02  100002         kseq_read [27]
                0.02    0.00  300000/300000      ks_getuntil2 [32]
                0.00    0.00      24/1971        err_gzread [70]
                0.00    0.00       1/282181      wrap_realloc [47]
                0.00    0.00       1/284391      wrap_malloc [46]
-----------------------------------------------
                                                 <spontaneous>
[28]     0.4    0.03    0.00                 bwt_2occ [28]
-----------------------------------------------
                0.00    0.01   32205/68874       mem_sam_pe [9]
                0.01    0.01   36669/68874       mem_reg2sam_se [20]
[29]     0.4    0.01    0.02   68874         mem_gen_alt [29]
                0.00    0.02    7611/109146      mem_reg2aln [13]
                0.00    0.00   78764/156553      wrap_calloc [49]
                0.00    0.00   10776/282181      wrap_realloc [47]
-----------------------------------------------
                                                 <spontaneous>
[30]     0.4    0.03    0.00                 bwt_match_exact_alt [30]
-----------------------------------------------
                0.00    0.00    5810/15034       mem_matesw [15]
                0.01    0.01    9224/15034       mem_chain2aln [11]
[31]     0.3    0.01    0.01   15034         bns_fetch_seq [31]
                0.01    0.00   19725/67015       bns_get_seq [24]
                0.00    0.00   17720/89733       bns_pos2rid [51]
-----------------------------------------------
                0.02    0.00  300000/300000      kseq_read [27]
[32]     0.3    0.02    0.00  300000         ks_getuntil2 [32]
                0.00    0.00    1947/1971        err_gzread [70]
                0.00    0.00       2/282181      wrap_realloc [47]
-----------------------------------------------
                0.02    0.00    7603/7603        ksw_align2 [16]
[33]     0.3    0.02    0.00    7603         ksw_qinit [33]
                0.00    0.00    8035/284391      wrap_malloc [46]
-----------------------------------------------
                0.00    0.00       1/8018        mem_pestat <cycle 1> [39]
                0.01    0.00    8017/8018        mem_chain2aln [11]
[34]     0.1    0.01    0.00    8018         ks_introsort_64 [34]
                0.00    0.00   10179/284391      wrap_malloc [46]
-----------------------------------------------
                0.00    0.00       2/317410      bns_restore_core [45]
                0.00    0.00   17408/317410      mem_sam_pe [9]
                0.01    0.00  300000/317410      bseq_read [26]
[35]     0.1    0.01    0.00  317410         wrap_strdup [35]
-----------------------------------------------
                0.00    0.00    5968/17773       mem_matesw [15]
                0.00    0.00   11805/17773       mem_align1_core [3]
[36]     0.0    0.00    0.00   17773         mem_sort_dedup_patch [36]
                0.00    0.00     435/435         mem_patch_reg [37]
                0.00    0.00    3889/3889        ks_introsort_mem_ars2 [68]
                0.00    0.00    3887/3887        ks_introsort_mem_ars [69]
-----------------------------------------------
                0.00    0.00     435/435         mem_sort_dedup_patch [36]
[37]     0.0    0.00    0.00     435         mem_patch_reg [37]
                0.00    0.00       1/44348       bwa_gen_cigar2 [14]
-----------------------------------------------
[38]     0.0    0.00    0.00       1+47955   <cycle 1 as a whole> [38]
                0.00    0.00       1             mem_pestat <cycle 1> [39]
                0.00    0.00   47955             mem_process_seqs <cycle 1> [55]
-----------------------------------------------
                                   1             mem_process_seqs <cycle 1> [55]
[39]     0.0    0.00    0.00       1         mem_pestat <cycle 1> [39]
                0.00    0.00       1/8018        ks_introsort_64 [34]
                0.00    0.00      19/282181      wrap_realloc [47]
                               47954             mem_process_seqs <cycle 1> [55]
-----------------------------------------------
                0.00    0.00       1/1           main_mem [25]
[40]     0.0    0.00    0.00       1         bwa_idx_load [40]
                0.00    0.00       1/1           bwa_idx_load_bwt [41]
                0.00    0.00       1/1           bns_restore [44]
                0.00    0.00       2/156553      wrap_calloc [49]
                0.00    0.00       1/2           bwa_idx_infer_prefix [80]
                0.00    0.00       1/9           err_fread_noeof [71]
                0.00    0.00       1/5           err_fclose [74]
-----------------------------------------------
                0.00    0.00       1/1           bwa_idx_load [40]
[41]     0.0    0.00    0.00       1         bwa_idx_load_bwt [41]
                0.00    0.00       1/1           bwt_restore_bwt [42]
                0.00    0.00       1/1           bwt_restore_sa [43]
                0.00    0.00       1/2           bwa_idx_infer_prefix [80]
                0.00    0.00       1/156553      wrap_calloc [49]
-----------------------------------------------
                0.00    0.00       1/1           bwa_idx_load_bwt [41]
[42]     0.0    0.00    0.00       1         bwt_restore_bwt [42]
                0.00    0.00       1/207078      fread_fix [22]
                0.00    0.00       2/156553      wrap_calloc [49]
                0.00    0.00       2/2           err_fseek [81]
                0.00    0.00       2/9           err_fread_noeof [71]
                0.00    0.00       1/5           err_xopen_core [75]
                0.00    0.00       1/1           err_ftell [89]
                0.00    0.00       1/1           bwt_gen_cnt_table [88]
                0.00    0.00       1/5           err_fclose [74]
-----------------------------------------------
                0.00    0.00       1/1           bwa_idx_load_bwt [41]
[43]     0.0    0.00    0.00       1         bwt_restore_sa [43]
                0.00    0.00       1/207078      fread_fix [22]
                0.00    0.00       4/9           err_fread_noeof [71]
                0.00    0.00       1/5           err_xopen_core [75]
                0.00    0.00       1/156553      wrap_calloc [49]
                0.00    0.00       1/5           err_fclose [74]
-----------------------------------------------
                0.00    0.00       1/1           bwa_idx_load [40]
[44]     0.0    0.00    0.00       1         bns_restore [44]
                0.00    0.00       1/1           bns_restore_core [45]
-----------------------------------------------
                0.00    0.00       1/1           bns_restore [44]
[45]     0.0    0.00    0.00       1         bns_restore_core [45]
                0.00    0.00       2/317410      wrap_strdup [35]
                0.00    0.00       3/5           err_xopen_core [75]
                0.00    0.00       2/156553      wrap_calloc [49]
                0.00    0.00       2/5           err_fclose [74]
-----------------------------------------------
                0.00    0.00       1/284391      kseq_init [94]
                0.00    0.00       1/284391      kseq_read [27]
                0.00    0.00       2/284391      bwa_idx_infer_prefix [80]
                0.00    0.00       2/284391      mem_process_seqs <cycle 1> [55]
                0.00    0.00    2764/284391      ks_introsort_mem_ars [69]
                0.00    0.00    2786/284391      ks_introsort_mem_ars2 [68]
                0.00    0.00    6395/284391      mem_matesw [15]
                0.00    0.00    7699/284391      ksw_extend2 [12]
                0.00    0.00    8035/284391      ksw_qinit [33]
                0.00    0.00    8038/284391      ks_introsort_mem_intv [63]
                0.00    0.00    8340/284391      ksw_global2 [17]
                0.00    0.00    8793/284391      ks_introsort_mem_flt [67]
                0.00    0.00   10179/284391      ks_introsort_64 [34]
                0.00    0.00   11653/284391      mem_chain2aln [11]
                0.00    0.00   19835/284391      ks_introsort_128 [59]
                0.00    0.00   35024/284391      ks_introsort_mem_ars_hash [56]
                0.00    0.00   39163/284391      bwa_gen_cigar2 [14]
                0.00    0.00   46048/284391      mem_reg2aln [13]
                0.00    0.00   69633/284391      bns_get_seq [24]
[46]     0.0    0.00    0.00  284391         wrap_malloc [46]
-----------------------------------------------
                0.00    0.00       1/282181      kseq_read [27]
                0.00    0.00       2/282181      ks_getuntil2 [32]
                0.00    0.00       2/282181      ksprintf [289]
                0.00    0.00      10/282181      bseq_read [26]
                0.00    0.00      19/282181      mem_pestat <cycle 1> [39]
                0.00    0.00      20/282181      bwt_smem1 [5]
                0.00    0.00     566/282181      mem_matesw [15]
                0.00    0.00    1064/282181      mem_aln2sam [23]
                0.00    0.00    1693/282181      mem_reg2sam_se [20]
                0.00    0.00    4132/282181      ksw_u8 [18]
                0.00    0.00    4145/282181      ksw_global2 [17]
                0.00    0.00    5237/282181      mem_reg2aln [13]
                0.00    0.00    7356/282181      mem_chain2aln [11]
                0.00    0.00    7550/282181      mem_chain_flt [64]
                0.00    0.00   10776/282181      mem_gen_alt [29]
                0.00    0.00   14466/282181      mem_chain [4]
                0.00    0.00   34242/282181      mem_mark_primary_se [52]
                0.00    0.00   37781/282181      mem_sam_pe [9]
                0.00    0.00   40302/282181      mem_pair [60]
                0.00    0.00   53192/282181      kputc [48]
                0.00    0.00   59625/282181      bwa_gen_cigar2 [14]
[47]     0.0    0.00    0.00  282181         wrap_realloc [47]
-----------------------------------------------
                0.00    0.00  180039/180039      mem_aln2sam [23]
[48]     0.0    0.00    0.00  180039         kputc [48]
                0.00    0.00   53192/282181      wrap_realloc [47]
-----------------------------------------------
                0.00    0.00       1/156553      kopen [92]
                0.00    0.00       1/156553      bwt_restore_sa [43]
                0.00    0.00       1/156553      bwa_idx_load_bwt [41]
                0.00    0.00       1/156553      mem_opt_init [95]
                0.00    0.00       2/156553      kseq_init [94]
                0.00    0.00       2/156553      bwt_restore_bwt [42]
                0.00    0.00       2/156553      bns_restore_core [45]
                0.00    0.00       2/156553      bwa_idx_load [40]
                0.00    0.00      12/156553      smem_aux_init [77]
                0.00    0.00      13/156553      __kb_split_chn [321]
                0.00    0.00    4014/156553      ksw_global2 [17]
                0.00    0.00    6416/156553      ksw_extend2 [12]
                0.00    0.00   31450/156553      kb_init_chn [61]
                0.00    0.00   35872/156553      mem_chain [4]
                0.00    0.00   78764/156553      mem_gen_alt [29]
[49]     0.0    0.00    0.00  156553         wrap_calloc [49]
-----------------------------------------------
                0.00    0.00  100000/100000      main_mem [25]
[50]     0.0    0.00    0.00  100000         err_fputs [50]
-----------------------------------------------
                0.00    0.00   17720/89733       bns_fetch_seq [31]
                0.00    0.00   29841/89733       bns_intv2rid [65]
                0.00    0.00   42172/89733       mem_reg2aln [13]
[51]     0.0    0.00    0.00   89733         bns_pos2rid [51]
-----------------------------------------------
                0.00    0.00   67854/67854       mem_sam_pe [9]
[52]     0.0    0.00    0.00   67854         mem_mark_primary_se [52]
                0.00    0.00   36473/36473       ks_introsort_mem_ars_hash [56]
                0.00    0.00   34242/282181      wrap_realloc [47]
-----------------------------------------------
                0.00    0.00   32374/66289       mem_sam_pe [9]
                0.00    0.00   33915/66289       mem_reg2aln [13]
[53]     0.0    0.00    0.00   66289         mem_approx_mapq_se [53]
-----------------------------------------------
                0.00    0.00   64562/64562       mem_aln2sam [23]
[54]     0.0    0.00    0.00   64562         kputsn [54]
-----------------------------------------------
                               47954             mem_pestat <cycle 1> [39]
                0.00    0.00       1/1           main_mem [25]
[55]     0.0    0.00    0.00   47955         mem_process_seqs <cycle 1> [55]
                0.00    0.00       7/7           cputime [72]
                0.00    0.00       7/7           realtime [73]
                0.00    0.00       4/4           smem_aux_init [77]
                0.00    0.00       4/4           smem_aux_destroy [76]
                0.00    0.00       2/284391      wrap_malloc [46]
                0.00    0.00       2/2           kt_for [83]
                                   1             mem_pestat <cycle 1> [39]
-----------------------------------------------
                0.00    0.00   36473/36473       mem_mark_primary_se [52]
[56]     0.0    0.00    0.00   36473         ks_introsort_mem_ars_hash [56]
                0.00    0.00   35024/284391      wrap_malloc [46]
-----------------------------------------------
                0.00    0.00   34401/34401       mem_aln2sam [23]
[57]     0.0    0.00    0.00   34401         kputl [57]
-----------------------------------------------
                0.00    0.00   34315/34315       mem_aln2sam [23]
[58]     0.0    0.00    0.00   34315         kputw [58]
-----------------------------------------------
                0.00    0.00   32594/32594       mem_pair [60]
[59]     0.0    0.00    0.00   32594         ks_introsort_128 [59]
                0.00    0.00   19835/284391      wrap_malloc [46]
-----------------------------------------------
                0.00    0.00   16602/16602       mem_sam_pe [9]
[60]     0.0    0.00    0.00   16602         mem_pair [60]
                0.00    0.00   40302/282181      wrap_realloc [47]
                0.00    0.00   32594/32594       ks_introsort_128 [59]
-----------------------------------------------
                0.00    0.00   12657/12657       mem_chain [4]
[61]     0.0    0.00    0.00   12657         kb_init_chn [61]
                0.00    0.00   31450/156553      wrap_calloc [49]
-----------------------------------------------
                0.00    0.00   12612/12612       mem_align1_core [3]
[62]     0.0    0.00    0.00   12612         mem_flt_chained_seeds [62]
-----------------------------------------------
                0.00    0.00   12574/12574       mem_chain [4]
[63]     0.0    0.00    0.00   12574         ks_introsort_mem_intv [63]
                0.00    0.00    8038/284391      wrap_malloc [46]
                0.00    0.00       3/3           ks_combsort_mem_intv [78]
-----------------------------------------------
                0.00    0.00   12067/12067       mem_align1_core [3]
[64]     0.0    0.00    0.00   12067         mem_chain_flt [64]
                0.00    0.00   11058/11058       mem_chain_weight [66]
                0.00    0.00    8905/8905        ks_introsort_mem_flt [67]
                0.00    0.00    7550/282181      wrap_realloc [47]
-----------------------------------------------
                0.00    0.00   12059/12059       mem_chain [4]
[65]     0.0    0.00    0.00   12059         bns_intv2rid [65]
                0.00    0.00   29841/89733       bns_pos2rid [51]
-----------------------------------------------
                0.00    0.00   11058/11058       mem_chain_flt [64]
[66]     0.0    0.00    0.00   11058         mem_chain_weight [66]
-----------------------------------------------
                0.00    0.00    8905/8905        mem_chain_flt [64]
[67]     0.0    0.00    0.00    8905         ks_introsort_mem_flt [67]
                0.00    0.00    8793/284391      wrap_malloc [46]
-----------------------------------------------
                0.00    0.00    3889/3889        mem_sort_dedup_patch [36]
[68]     0.0    0.00    0.00    3889         ks_introsort_mem_ars2 [68]
                0.00    0.00    2786/284391      wrap_malloc [46]
-----------------------------------------------
                0.00    0.00    3887/3887        mem_sort_dedup_patch [36]
[69]     0.0    0.00    0.00    3887         ks_introsort_mem_ars [69]
                0.00    0.00    2764/284391      wrap_malloc [46]
-----------------------------------------------
                0.00    0.00      24/1971        kseq_read [27]
                0.00    0.00    1947/1971        ks_getuntil2 [32]
[70]     0.0    0.00    0.00    1971         err_gzread [70]
-----------------------------------------------
                0.00    0.00       1/9           bwa_idx_load [40]
                0.00    0.00       2/9           fread_fix [22]
                0.00    0.00       2/9           bwt_restore_bwt [42]
                0.00    0.00       4/9           bwt_restore_sa [43]
[71]     0.0    0.00    0.00       9         err_fread_noeof [71]
-----------------------------------------------
                0.00    0.00       7/7           mem_process_seqs <cycle 1> [55]
[72]     0.0    0.00    0.00       7         cputime [72]
-----------------------------------------------
                0.00    0.00       7/7           mem_process_seqs <cycle 1> [55]
[73]     0.0    0.00    0.00       7         realtime [73]
-----------------------------------------------
                0.00    0.00       1/5           bwt_restore_sa [43]
                0.00    0.00       1/5           bwt_restore_bwt [42]
                0.00    0.00       1/5           bwa_idx_load [40]
                0.00    0.00       2/5           bns_restore_core [45]
[74]     0.0    0.00    0.00       5         err_fclose [74]
-----------------------------------------------
                0.00    0.00       1/5           bwt_restore_sa [43]
                0.00    0.00       1/5           bwt_restore_bwt [42]
                0.00    0.00       3/5           bns_restore_core [45]
[75]     0.0    0.00    0.00       5         err_xopen_core [75]
-----------------------------------------------
                0.00    0.00       4/4           mem_process_seqs <cycle 1> [55]
[76]     0.0    0.00    0.00       4         smem_aux_destroy [76]
-----------------------------------------------
                0.00    0.00       4/4           mem_process_seqs <cycle 1> [55]
[77]     0.0    0.00    0.00       4         smem_aux_init [77]
                0.00    0.00      12/156553      wrap_calloc [49]
-----------------------------------------------
                0.00    0.00       3/3           ks_introsort_mem_intv [63]
[78]     0.0    0.00    0.00       3         ks_combsort_mem_intv [78]
-----------------------------------------------
                0.00    0.00       1/2           main_mem [25]
                0.00    0.00       1/2           mem_opt_init [95]
[79]     0.0    0.00    0.00       2         bwa_fill_scmat [79]
-----------------------------------------------
                0.00    0.00       1/2           bwa_idx_load_bwt [41]
                0.00    0.00       1/2           bwa_idx_load [40]
[80]     0.0    0.00    0.00       2         bwa_idx_infer_prefix [80]
                0.00    0.00       2/284391      wrap_malloc [46]
-----------------------------------------------
                0.00    0.00       2/2           bwt_restore_bwt [42]
[81]     0.0    0.00    0.00       2         err_fseek [81]
-----------------------------------------------
                0.00    0.00       1/2           main_mem [25]
                0.00    0.00       1/2           bwa_print_sam_hdr [86]
[82]     0.0    0.00    0.00       2         err_printf [82]
-----------------------------------------------
                0.00    0.00       2/2           mem_process_seqs <cycle 1> [55]
[83]     0.0    0.00    0.00       2         kt_for [83]
-----------------------------------------------
                0.00    0.00       1/1           bwa_idx_destroy [85]
[84]     0.0    0.00    0.00       1         bns_destroy [84]
-----------------------------------------------
                0.00    0.00       1/1           main_mem [25]
[85]     0.0    0.00    0.00       1         bwa_idx_destroy [85]
                0.00    0.00       1/1           bwt_destroy [87]
                0.00    0.00       1/1           bns_destroy [84]
-----------------------------------------------
                0.00    0.00       1/1           main_mem [25]
[86]     0.0    0.00    0.00       1         bwa_print_sam_hdr [86]
                0.00    0.00       1/2           err_printf [82]
-----------------------------------------------
                0.00    0.00       1/1           bwa_idx_destroy [85]
[87]     0.0    0.00    0.00       1         bwt_destroy [87]
-----------------------------------------------
                0.00    0.00       1/1           bwt_restore_bwt [42]
[88]     0.0    0.00    0.00       1         bwt_gen_cnt_table [88]
-----------------------------------------------
                0.00    0.00       1/1           bwt_restore_bwt [42]
[89]     0.0    0.00    0.00       1         err_ftell [89]
-----------------------------------------------
                0.00    0.00       1/1           main_mem [25]
[90]     0.0    0.00    0.00       1         err_gzclose [90]
-----------------------------------------------
                0.00    0.00       1/1           main_mem [25]
[91]     0.0    0.00    0.00       1         kclose [91]
-----------------------------------------------
                0.00    0.00       1/1           main_mem [25]
[92]     0.0    0.00    0.00       1         kopen [92]
                0.00    0.00       1/156553      wrap_calloc [49]
-----------------------------------------------
                0.00    0.00       1/1           main_mem [25]
[93]     0.0    0.00    0.00       1         kseq_destroy [93]
-----------------------------------------------
                0.00    0.00       1/1           main_mem [25]
[94]     0.0    0.00    0.00       1         kseq_init [94]
                0.00    0.00       2/156553      wrap_calloc [49]
                0.00    0.00       1/284391      wrap_malloc [46]
-----------------------------------------------
                0.00    0.00       1/1           main_mem [25]
[95]     0.0    0.00    0.00       1         mem_opt_init [95]
                0.00    0.00       1/156553      wrap_calloc [49]
                0.00    0.00       1/2           bwa_fill_scmat [79]
-----------------------------------------------
                0.00    0.00      10/10          mem_chain [4]
[321]    0.0    0.00    0.00      10         __kb_split_chn [321]
                0.00    0.00      13/156553      wrap_calloc [49]
-----------------------------------------------

 This table describes the call tree of the program, and was sorted by
 the total amount of time spent in each function and its children.

 Each entry in this table consists of several lines.  The line with the
 index number at the left hand margin lists the current function.
 The lines above it list the functions that called this function,
 and the lines below it list the functions this one called.
 This line lists:
     index	A unique number given to each element of the table.
		Index numbers are sorted numerically.
		The index number is printed next to every function name so
		it is easier to look up where the function in the table.

     % time	This is the percentage of the `total' time that was spent
		in this function and its children.  Note that due to
		different viewpoints, functions excluded by options, etc,
		these numbers will NOT add up to 100%.

     self	This is the total amount of time spent in this function.

     children	This is the total amount of time propagated into this
		function by its children.

     called	This is the number of times the function was called.
		If the function called itself recursively, the number
		only includes non-recursive calls, and is followed by
		a `+' and the number of recursive calls.

     name	The name of the current function.  The index number is
		printed after it.  If the function is a member of a
		cycle, the cycle number is printed between the
		function's name and the index number.


 For the function's parents, the fields have the following meanings:

     self	This is the amount of time that was propagated directly
		from the function into this parent.

     children	This is the amount of time that was propagated from
		the function's children into this parent.

     called	This is the number of times this parent called the
		function `/' the total number of times the function
		was called.  Recursive calls to the function are not
		included in the number after the `/'.

     name	This is the name of the parent.  The parent's index
		number is printed after it.  If the parent is a
		member of a cycle, the cycle number is printed between
		the name and the index number.

 If the parents of the function cannot be determined, the word
 `<spontaneous>' is printed in the `name' field, and all the other
 fields are blank.

 For the function's children, the fields have the following meanings:

     self	This is the amount of time that was propagated directly
		from the child into the function.

     children	This is the amount of time that was propagated from the
		child's children to the function.

     called	This is the number of times the function called
		this child `/' the total number of times the child
		was called.  Recursive calls by the child are not
		listed in the number after the `/'.

     name	This is the name of the child.  The child's index
		number is printed after it.  If the child is a
		member of a cycle, the cycle number is printed
		between the name and the index number.

 If there are any cycles (circles) in the call graph, there is an
 entry for the cycle-as-a-whole.  This entry shows who called the
 cycle (as parents) and the members of the cycle (as children.)
 The `+' recursive calls entry shows the number of function calls that
 were internal to the cycle, and the calls entry for each member shows,
 for that member, how many times it was called from other members of
 the cycle.


Index by function name

 [321] __kb_split_chn (bwamem.c) [81] err_fseek            [3] mem_align1_core
  [84] bns_destroy            [89] err_ftell              [23] mem_aln2sam
  [31] bns_fetch_seq          [90] err_gzclose            [53] mem_approx_mapq_se
  [24] bns_get_seq            [70] err_gzread              [4] mem_chain
  [65] bns_intv2rid           [82] err_printf             [11] mem_chain2aln
  [51] bns_pos2rid            [75] err_xopen_core         [64] mem_chain_flt
  [44] bns_restore            [22] fread_fix (bwt.c)      [66] mem_chain_weight
  [45] bns_restore_core       [61] kb_init_chn            [62] mem_flt_chained_seeds
  [26] bseq_read              [91] kclose                 [29] mem_gen_alt
  [79] bwa_fill_scmat         [92] kopen                  [52] mem_mark_primary_se
  [14] bwa_gen_cigar2         [48] kputc (kstring.h)      [15] mem_matesw
  [85] bwa_idx_destroy        [57] kputl (kstring.h)      [95] mem_opt_init
  [80] bwa_idx_infer_prefix   [54] kputsn (kstring.h)     [60] mem_pair
  [40] bwa_idx_load           [58] kputw (kstring.h)      [37] mem_patch_reg
  [41] bwa_idx_load_bwt       [78] ks_combsort_mem_intv   [39] mem_pestat
  [86] bwa_print_sam_hdr      [32] ks_getuntil2 (utils.c) [55] mem_process_seqs
  [28] bwt_2occ               [59] ks_introsort_128       [13] mem_reg2aln
   [7] bwt_2occ4              [34] ks_introsort_64        [20] mem_reg2sam_se
  [87] bwt_destroy            [69] ks_introsort_mem_ars    [9] mem_sam_pe
   [6] bwt_extend             [68] ks_introsort_mem_ars2  [36] mem_sort_dedup_patch
  [88] bwt_gen_cnt_table      [56] ks_introsort_mem_ars_hash [73] realtime
  [30] bwt_match_exact_alt    [67] ks_introsort_mem_flt   [76] smem_aux_destroy (bwamem.c)
  [21] bwt_occ                [63] ks_introsort_mem_intv  [77] smem_aux_init (bwamem.c)
   [8] bwt_occ4               [93] kseq_destroy            [2] worker1 (bwamem.c)
  [42] bwt_restore_bwt        [94] kseq_init              [10] worker2 (bwamem.c)
  [43] bwt_restore_sa         [27] kseq_read              [49] wrap_calloc
  [19] bwt_sa                 [16] ksw_align2             [46] wrap_malloc
   [5] bwt_smem1              [12] ksw_extend2            [47] wrap_realloc
  [72] cputime                [17] ksw_global2            [35] wrap_strdup
  [74] err_fclose             [33] ksw_qinit              [38] <cycle 1>
  [50] err_fputs              [18] ksw_u8
  [71] err_fread_noeof        [83] kt_for
